CRITICAL - 2023-01-12 07:36:03 --> Creation of dynamic property App\Controllers\Coba::$nama is deprecated
in APPPATH\Controllers\BaseController.php on line 51.
 1 APPPATH\Controllers\BaseController.php(51): CodeIgniter\Debug\Exceptions->errorHandler(8192, 'Creation of dynamic property App\\Controllers\\Coba::$nama is deprecated', 'APPPATH\\Controllers\\BaseController.php', 51)
 2 SYSTEMPATH\CodeIgniter.php(888): App\Controllers\BaseController->initController(Object(CodeIgniter\HTTP\IncomingRequest), Object(CodeIgniter\HTTP\Response), Object(CodeIgniter\Log\Logger))
 3 SYSTEMPATH\CodeIgniter.php(471): CodeIgniter\CodeIgniter->createController()
 4 SYSTEMPATH\CodeIgniter.php(349): CodeIgniter\CodeIgniter->handleRequest(null, Object(Config\Cache), false)
 5 FCPATH\index.php(67): CodeIgniter\CodeIgniter->run()
 6 SYSTEMPATH\Commands\Server\rewrite.php(47): require_once('FCPATH\\index.php')
CRITICAL - 2023-01-12 07:40:06 --> Creation of dynamic property App\Controllers\Coba::$nama is deprecated
in APPPATH\Controllers\BaseController.php on line 51.
 1 APPPATH\Controllers\BaseController.php(51): CodeIgniter\Debug\Exceptions->errorHandler(8192, 'Creation of dynamic property App\\Controllers\\Coba::$nama is deprecated', 'APPPATH\\Controllers\\BaseController.php', 51)
 2 SYSTEMPATH\CodeIgniter.php(888): App\Controllers\BaseController->initController(Object(CodeIgniter\HTTP\IncomingRequest), Object(CodeIgniter\HTTP\Response), Object(CodeIgniter\Log\Logger))
 3 SYSTEMPATH\CodeIgniter.php(471): CodeIgniter\CodeIgniter->createController()
 4 SYSTEMPATH\CodeIgniter.php(349): CodeIgniter\CodeIgniter->handleRequest(null, Object(Config\Cache), false)
 5 FCPATH\index.php(67): CodeIgniter\CodeIgniter->run()
 6 SYSTEMPATH\Commands\Server\rewrite.php(47): require_once('FCPATH\\index.php')
CRITICAL - 2023-01-12 07:40:08 --> Creation of dynamic property App\Controllers\Coba::$nama is deprecated
in APPPATH\Controllers\BaseController.php on line 51.
 1 APPPATH\Controllers\BaseController.php(51): CodeIgniter\Debug\Exceptions->errorHandler(8192, 'Creation of dynamic property App\\Controllers\\Coba::$nama is deprecated', 'APPPATH\\Controllers\\BaseController.php', 51)
 2 SYSTEMPATH\CodeIgniter.php(888): App\Controllers\BaseController->initController(Object(CodeIgniter\HTTP\IncomingRequest), Object(CodeIgniter\HTTP\Response), Object(CodeIgniter\Log\Logger))
 3 SYSTEMPATH\CodeIgniter.php(471): CodeIgniter\CodeIgniter->createController()
 4 SYSTEMPATH\CodeIgniter.php(349): CodeIgniter\CodeIgniter->handleRequest(null, Object(Config\Cache), false)
 5 FCPATH\index.php(67): CodeIgniter\CodeIgniter->run()
 6 SYSTEMPATH\Commands\Server\rewrite.php(47): require_once('FCPATH\\index.php')
CRITICAL - 2023-01-12 07:54:30 --> Creation of dynamic property App\Controllers\Coba::$nama is deprecated
in APPPATH\Controllers\BaseController.php on line 51.
 1 APPPATH\Controllers\BaseController.php(51): CodeIgniter\Debug\Exceptions->errorHandler(8192, 'Creation of dynamic property App\\Controllers\\Coba::$nama is deprecated', 'APPPATH\\Controllers\\BaseController.php', 51)
 2 SYSTEMPATH\CodeIgniter.php(888): App\Controllers\BaseController->initController(Object(CodeIgniter\HTTP\IncomingRequest), Object(CodeIgniter\HTTP\Response), Object(CodeIgniter\Log\Logger))
 3 SYSTEMPATH\CodeIgniter.php(471): CodeIgniter\CodeIgniter->createController()
 4 SYSTEMPATH\CodeIgniter.php(349): CodeIgniter\CodeIgniter->handleRequest(null, Object(Config\Cache), false)
 5 FCPATH\index.php(67): CodeIgniter\CodeIgniter->run()
 6 SYSTEMPATH\Commands\Server\rewrite.php(47): require_once('FCPATH\\index.php')
CRITICAL - 2023-01-12 08:01:27 --> Too few arguments to function App\Controllers\Coba::about(), 0 passed in C:\xampp\htdocs\fadhlan ci4\system\CodeIgniter.php on line 925 and exactly 1 expected
in APPPATH\Controllers\Coba.php on line 11.
 1 SYSTEMPATH\CodeIgniter.php(925): App\Controllers\Coba->about()
 2 SYSTEMPATH\CodeIgniter.php(480): CodeIgniter\CodeIgniter->runController(Object(App\Controllers\Coba))
 3 SYSTEMPATH\CodeIgniter.php(349): CodeIgniter\CodeIgniter->handleRequest(null, Object(Config\Cache), false)
 4 FCPATH\index.php(67): CodeIgniter\CodeIgniter->run()
 5 SYSTEMPATH\Commands\Server\rewrite.php(47): require_once('FCPATH\\index.php')
CRITICAL - 2023-01-12 08:06:18 --> Too few arguments to function App\Controllers\Coba::about(), 0 passed in C:\xampp\htdocs\fadhlan ci4\system\CodeIgniter.php on line 925 and exactly 1 expected
in APPPATH\Controllers\Coba.php on line 11.
 1 SYSTEMPATH\CodeIgniter.php(925): App\Controllers\Coba->about()
 2 SYSTEMPATH\CodeIgniter.php(480): CodeIgniter\CodeIgniter->runController(Object(App\Controllers\Coba))
 3 SYSTEMPATH\CodeIgniter.php(349): CodeIgniter\CodeIgniter->handleRequest(null, Object(Config\Cache), false)
 4 FCPATH\index.php(67): CodeIgniter\CodeIgniter->run()
 5 SYSTEMPATH\Commands\Server\rewrite.php(47): require_once('FCPATH\\index.php')
CRITICAL - 2023-01-12 08:21:41 --> Class "App\Controllers\Admin\BaseController" not found
in APPPATH\Controllers\Admin\User.php on line 5.
 1 SYSTEMPATH\Router\AutoRouter.php(147): include_once()
 2 SYSTEMPATH\Router\Router.php(499): CodeIgniter\Router\AutoRouter->getRoute('admin/user')
 3 SYSTEMPATH\Router\Router.php(205): CodeIgniter\Router\Router->autoRoute('admin/user')
 4 SYSTEMPATH\CodeIgniter.php(800): CodeIgniter\Router\Router->handle('admin/user')
 5 SYSTEMPATH\CodeIgniter.php(428): CodeIgniter\CodeIgniter->tryToRouteIt(Object(CodeIgniter\Router\RouteCollection))
 6 SYSTEMPATH\CodeIgniter.php(349): CodeIgniter\CodeIgniter->handleRequest(null, Object(Config\Cache), false)
 7 FCPATH\index.php(67): CodeIgniter\CodeIgniter->run()
 8 SYSTEMPATH\Commands\Server\rewrite.php(47): require_once('FCPATH\\index.php')
CRITICAL - 2023-01-12 09:27:49 --> Invalid file: home.php
in SYSTEMPATH\Exceptions\FrameworkException.php on line 33.
 1 SYSTEMPATH\View\View.php(201): CodeIgniter\Exceptions\FrameworkException::forInvalidFile('home.php')
 2 SYSTEMPATH\Common.php(1135): CodeIgniter\View\View->render('home', [], true)
 3 APPPATH\Controllers\Pages.php(9): view('home')
 4 SYSTEMPATH\CodeIgniter.php(925): App\Controllers\Pages->index()
 5 SYSTEMPATH\CodeIgniter.php(480): CodeIgniter\CodeIgniter->runController(Object(App\Controllers\Pages))
 6 SYSTEMPATH\CodeIgniter.php(349): CodeIgniter\CodeIgniter->handleRequest(null, Object(Config\Cache), false)
 7 FCPATH\index.php(67): CodeIgniter\CodeIgniter->run()
 8 SYSTEMPATH\Commands\Server\rewrite.php(47): require_once('FCPATH\\index.php')
CRITICAL - 2023-01-12 09:32:08 --> Invalid file: about.php
in SYSTEMPATH\Exceptions\FrameworkException.php on line 33.
 1 SYSTEMPATH\View\View.php(201): CodeIgniter\Exceptions\FrameworkException::forInvalidFile('about.php')
 2 SYSTEMPATH\Common.php(1135): CodeIgniter\View\View->render('about', [], true)
 3 APPPATH\Controllers\Pages.php(14): view('about')
 4 SYSTEMPATH\CodeIgniter.php(925): App\Controllers\Pages->about()
 5 SYSTEMPATH\CodeIgniter.php(480): CodeIgniter\CodeIgniter->runController(Object(App\Controllers\Pages))
 6 SYSTEMPATH\CodeIgniter.php(349): CodeIgniter\CodeIgniter->handleRequest(null, Object(Config\Cache), false)
 7 FCPATH\index.php(67): CodeIgniter\CodeIgniter->run()
 8 SYSTEMPATH\Commands\Server\rewrite.php(47): require_once('FCPATH\\index.php')
CRITICAL - 2023-01-12 10:39:13 --> Undefined variable $data
in APPPATH\Views\Layout\Header.php on line 12.
 1 APPPATH\Views\Layout\Header.php(12): CodeIgniter\Debug\Exceptions->errorHandler(2, 'Undefined variable $data', 'APPPATH\\Views\\Layout\\Header.php', 12)
 2 SYSTEMPATH\View\View.php(213): include('APPPATH\\Views\\Layout\\Header.php')
 3 SYSTEMPATH\View\View.php(216): CodeIgniter\View\View->CodeIgniter\View\{closure}()
 4 SYSTEMPATH\Common.php(1135): CodeIgniter\View\View->render('layout/header', [], true)
 5 APPPATH\Controllers\Pages.php(24): view('layout/header', [...])
 6 SYSTEMPATH\CodeIgniter.php(925): App\Controllers\Pages->about()
 7 SYSTEMPATH\CodeIgniter.php(480): CodeIgniter\CodeIgniter->runController(Object(App\Controllers\Pages))
 8 SYSTEMPATH\CodeIgniter.php(349): CodeIgniter\CodeIgniter->handleRequest(null, Object(Config\Cache), false)
 9 FCPATH\index.php(67): CodeIgniter\CodeIgniter->run()
10 SYSTEMPATH\Commands\Server\rewrite.php(47): require_once('FCPATH\\index.php')
CRITICAL - 2023-01-12 10:39:49 --> Undefined variable $data
in APPPATH\Views\Layout\Header.php on line 12.
 1 APPPATH\Views\Layout\Header.php(12): CodeIgniter\Debug\Exceptions->errorHandler(2, 'Undefined variable $data', 'APPPATH\\Views\\Layout\\Header.php', 12)
 2 SYSTEMPATH\View\View.php(213): include('APPPATH\\Views\\Layout\\Header.php')
 3 SYSTEMPATH\View\View.php(216): CodeIgniter\View\View->CodeIgniter\View\{closure}()
 4 SYSTEMPATH\Common.php(1135): CodeIgniter\View\View->render('layout/header', [], true)
 5 APPPATH\Controllers\Pages.php(13): view('layout/header', [...])
 6 SYSTEMPATH\CodeIgniter.php(925): App\Controllers\Pages->index()
 7 SYSTEMPATH\CodeIgniter.php(480): CodeIgniter\CodeIgniter->runController(Object(App\Controllers\Pages))
 8 SYSTEMPATH\CodeIgniter.php(349): CodeIgniter\CodeIgniter->handleRequest(null, Object(Config\Cache), false)
 9 FCPATH\index.php(67): CodeIgniter\CodeIgniter->run()
10 SYSTEMPATH\Commands\Server\rewrite.php(47): require_once('FCPATH\\index.php')
CRITICAL - 2023-01-12 10:46:41 --> include(tautan.php): Failed to open stream: No such file or directory
in APPPATH\Views\Pages\home.php on line 44.
 1 APPPATH\Views\Pages\home.php(44): CodeIgniter\Debug\Exceptions->errorHandler(2, 'include(tautan.php): Failed to open stream: No such file or directory', 'APPPATH\\Views\\Pages\\home.php', 44)
 2 APPPATH\Views\Pages\home.php(44): include()
 3 SYSTEMPATH\View\View.php(213): include('APPPATH\\Views\\Pages\\home.php')
 4 SYSTEMPATH\View\View.php(216): CodeIgniter\View\View->CodeIgniter\View\{closure}()
 5 SYSTEMPATH\Common.php(1135): CodeIgniter\View\View->render('pages/home', [], true)
 6 APPPATH\Controllers\Pages.php(14): view('pages/home')
 7 SYSTEMPATH\CodeIgniter.php(925): App\Controllers\Pages->index()
 8 SYSTEMPATH\CodeIgniter.php(480): CodeIgniter\CodeIgniter->runController(Object(App\Controllers\Pages))
 9 SYSTEMPATH\CodeIgniter.php(349): CodeIgniter\CodeIgniter->handleRequest(null, Object(Config\Cache), false)
10 FCPATH\index.php(67): CodeIgniter\CodeIgniter->run()
11 SYSTEMPATH\Commands\Server\rewrite.php(47): require_once('FCPATH\\index.php')
CRITICAL - 2023-01-12 10:59:50 --> include(tautan.php): Failed to open stream: No such file or directory
in APPPATH\Views\Pages\home.php on line 31.
 1 APPPATH\Views\Pages\home.php(31): CodeIgniter\Debug\Exceptions->errorHandler(2, 'include(tautan.php): Failed to open stream: No such file or directory', 'APPPATH\\Views\\Pages\\home.php', 31)
 2 APPPATH\Views\Pages\home.php(31): include()
 3 SYSTEMPATH\View\View.php(213): include('APPPATH\\Views\\Pages\\home.php')
 4 SYSTEMPATH\View\View.php(216): CodeIgniter\View\View->CodeIgniter\View\{closure}()
 5 SYSTEMPATH\Common.php(1135): CodeIgniter\View\View->render('pages/home', [], true)
 6 APPPATH\Controllers\Pages.php(14): view('pages/home')
 7 SYSTEMPATH\CodeIgniter.php(925): App\Controllers\Pages->index()
 8 SYSTEMPATH\CodeIgniter.php(480): CodeIgniter\CodeIgniter->runController(Object(App\Controllers\Pages))
 9 SYSTEMPATH\CodeIgniter.php(349): CodeIgniter\CodeIgniter->handleRequest(null, Object(Config\Cache), false)
10 FCPATH\index.php(67): CodeIgniter\CodeIgniter->run()
11 SYSTEMPATH\Commands\Server\rewrite.php(47): require_once('FCPATH\\index.php')
CRITICAL - 2023-01-12 11:08:53 --> Undefined variable $title
in APPPATH\Views\Layout\Template.php on line 12.
 1 APPPATH\Views\Layout\Template.php(12): CodeIgniter\Debug\Exceptions->errorHandler(2, 'Undefined variable $title', 'APPPATH\\Views\\Layout\\Template.php', 12)
 2 SYSTEMPATH\View\View.php(213): include('APPPATH\\Views\\Layout\\Template.php')
 3 SYSTEMPATH\View\View.php(216): CodeIgniter\View\View->CodeIgniter\View\{closure}()
 4 SYSTEMPATH\View\View.php(229): CodeIgniter\View\View->render('layout/template', [], true)
 5 SYSTEMPATH\Common.php(1135): CodeIgniter\View\View->render('pages/home', [], true)
 6 APPPATH\Controllers\Pages.php(14): view('pages/home')
 7 SYSTEMPATH\CodeIgniter.php(925): App\Controllers\Pages->index()
 8 SYSTEMPATH\CodeIgniter.php(480): CodeIgniter\CodeIgniter->runController(Object(App\Controllers\Pages))
 9 SYSTEMPATH\CodeIgniter.php(349): CodeIgniter\CodeIgniter->handleRequest(null, Object(Config\Cache), false)
10 FCPATH\index.php(67): CodeIgniter\CodeIgniter->run()
11 SYSTEMPATH\Commands\Server\rewrite.php(47): require_once('FCPATH\\index.php')
CRITICAL - 2023-01-12 11:09:10 --> Undefined variable $title
in APPPATH\Views\Layout\Template.php on line 12.
 1 APPPATH\Views\Layout\Template.php(12): CodeIgniter\Debug\Exceptions->errorHandler(2, 'Undefined variable $title', 'APPPATH\\Views\\Layout\\Template.php', 12)
 2 SYSTEMPATH\View\View.php(213): include('APPPATH\\Views\\Layout\\Template.php')
 3 SYSTEMPATH\View\View.php(216): CodeIgniter\View\View->CodeIgniter\View\{closure}()
 4 SYSTEMPATH\View\View.php(229): CodeIgniter\View\View->render('layout/template', [], true)
 5 SYSTEMPATH\Common.php(1135): CodeIgniter\View\View->render('pages/home', [], true)
 6 APPPATH\Controllers\Pages.php(14): view('pages/home')
 7 SYSTEMPATH\CodeIgniter.php(925): App\Controllers\Pages->index()
 8 SYSTEMPATH\CodeIgniter.php(480): CodeIgniter\CodeIgniter->runController(Object(App\Controllers\Pages))
 9 SYSTEMPATH\CodeIgniter.php(349): CodeIgniter\CodeIgniter->handleRequest(null, Object(Config\Cache), false)
10 FCPATH\index.php(67): CodeIgniter\CodeIgniter->run()
11 SYSTEMPATH\Commands\Server\rewrite.php(47): require_once('FCPATH\\index.php')
CRITICAL - 2023-01-12 11:10:49 --> View themes, no current section.
in SYSTEMPATH\View\View.php on line 394.
 1 APPPATH\Views\Pages\home.php(33): CodeIgniter\View\View->endSection()
 2 SYSTEMPATH\View\View.php(213): include('APPPATH\\Views\\Pages\\home.php')
 3 SYSTEMPATH\View\View.php(216): CodeIgniter\View\View->CodeIgniter\View\{closure}()
 4 SYSTEMPATH\Common.php(1135): CodeIgniter\View\View->render('pages/home', [], true)
 5 APPPATH\Controllers\Pages.php(14): view('pages/home')
 6 SYSTEMPATH\CodeIgniter.php(925): App\Controllers\Pages->index()
 7 SYSTEMPATH\CodeIgniter.php(480): CodeIgniter\CodeIgniter->runController(Object(App\Controllers\Pages))
 8 SYSTEMPATH\CodeIgniter.php(349): CodeIgniter\CodeIgniter->handleRequest(null, Object(Config\Cache), false)
 9 FCPATH\index.php(67): CodeIgniter\CodeIgniter->run()
10 SYSTEMPATH\Commands\Server\rewrite.php(47): require_once('FCPATH\\index.php')
CRITICAL - 2023-01-12 11:11:55 --> View themes, no current section.
in SYSTEMPATH\View\View.php on line 394.
 1 APPPATH\Views\Pages\home.php(33): CodeIgniter\View\View->endSection()
 2 SYSTEMPATH\View\View.php(213): include('APPPATH\\Views\\Pages\\home.php')
 3 SYSTEMPATH\View\View.php(216): CodeIgniter\View\View->CodeIgniter\View\{closure}()
 4 SYSTEMPATH\Common.php(1135): CodeIgniter\View\View->render('pages/home', [], true)
 5 APPPATH\Controllers\Pages.php(14): view('pages/home')
 6 SYSTEMPATH\CodeIgniter.php(925): App\Controllers\Pages->index()
 7 SYSTEMPATH\CodeIgniter.php(480): CodeIgniter\CodeIgniter->runController(Object(App\Controllers\Pages))
 8 SYSTEMPATH\CodeIgniter.php(349): CodeIgniter\CodeIgniter->handleRequest(null, Object(Config\Cache), false)
 9 FCPATH\index.php(67): CodeIgniter\CodeIgniter->run()
10 SYSTEMPATH\Commands\Server\rewrite.php(47): require_once('FCPATH\\index.php')
CRITICAL - 2023-01-12 11:12:36 --> view(): Argument #1 ($name) must be of type string, array given, called in C:\xampp\htdocs\fadhlan ci4\app\Controllers\Pages.php on line 13
in SYSTEMPATH\Common.php on line 1121.
 1 APPPATH\Controllers\Pages.php(13): view([...])
 2 SYSTEMPATH\CodeIgniter.php(925): App\Controllers\Pages->index()
 3 SYSTEMPATH\CodeIgniter.php(480): CodeIgniter\CodeIgniter->runController(Object(App\Controllers\Pages))
 4 SYSTEMPATH\CodeIgniter.php(349): CodeIgniter\CodeIgniter->handleRequest(null, Object(Config\Cache), false)
 5 FCPATH\index.php(67): CodeIgniter\CodeIgniter->run()
 6 SYSTEMPATH\Commands\Server\rewrite.php(47): require_once('FCPATH\\index.php')
CRITICAL - 2023-01-12 11:12:43 --> view(): Argument #1 ($name) must be of type string, array given, called in C:\xampp\htdocs\fadhlan ci4\app\Controllers\Pages.php on line 13
in SYSTEMPATH\Common.php on line 1121.
 1 APPPATH\Controllers\Pages.php(13): view([...])
 2 SYSTEMPATH\CodeIgniter.php(925): App\Controllers\Pages->index()
 3 SYSTEMPATH\CodeIgniter.php(480): CodeIgniter\CodeIgniter->runController(Object(App\Controllers\Pages))
 4 SYSTEMPATH\CodeIgniter.php(349): CodeIgniter\CodeIgniter->handleRequest(null, Object(Config\Cache), false)
 5 FCPATH\index.php(67): CodeIgniter\CodeIgniter->run()
 6 SYSTEMPATH\Commands\Server\rewrite.php(47): require_once('FCPATH\\index.php')
CRITICAL - 2023-01-12 11:14:01 --> Undefined variable $title
in APPPATH\Views\Layout\Template.php on line 12.
 1 APPPATH\Views\Layout\Template.php(12): CodeIgniter\Debug\Exceptions->errorHandler(2, 'Undefined variable $title', 'APPPATH\\Views\\Layout\\Template.php', 12)
 2 SYSTEMPATH\View\View.php(213): include('APPPATH\\Views\\Layout\\Template.php')
 3 SYSTEMPATH\View\View.php(216): CodeIgniter\View\View->CodeIgniter\View\{closure}()
 4 SYSTEMPATH\View\View.php(229): CodeIgniter\View\View->render('layout/template', [], true)
 5 SYSTEMPATH\Common.php(1135): CodeIgniter\View\View->render('pages/home', [], true)
 6 APPPATH\Controllers\Pages.php(13): view('pages/home')
 7 SYSTEMPATH\CodeIgniter.php(925): App\Controllers\Pages->index()
 8 SYSTEMPATH\CodeIgniter.php(480): CodeIgniter\CodeIgniter->runController(Object(App\Controllers\Pages))
 9 SYSTEMPATH\CodeIgniter.php(349): CodeIgniter\CodeIgniter->handleRequest(null, Object(Config\Cache), false)
10 FCPATH\index.php(67): CodeIgniter\CodeIgniter->run()
11 SYSTEMPATH\Commands\Server\rewrite.php(47): require_once('FCPATH\\index.php')
CRITICAL - 2023-01-12 11:15:02 --> Invalid file: pages/home, $data.php
in SYSTEMPATH\Exceptions\FrameworkException.php on line 33.
 1 SYSTEMPATH\View\View.php(201): CodeIgniter\Exceptions\FrameworkException::forInvalidFile('pages/home, $data.php')
 2 SYSTEMPATH\Common.php(1135): CodeIgniter\View\View->render('pages/home, $data', [], true)
 3 APPPATH\Controllers\Pages.php(13): view('pages/home, $data')
 4 SYSTEMPATH\CodeIgniter.php(925): App\Controllers\Pages->index()
 5 SYSTEMPATH\CodeIgniter.php(480): CodeIgniter\CodeIgniter->runController(Object(App\Controllers\Pages))
 6 SYSTEMPATH\CodeIgniter.php(349): CodeIgniter\CodeIgniter->handleRequest(null, Object(Config\Cache), false)
 7 FCPATH\index.php(67): CodeIgniter\CodeIgniter->run()
 8 SYSTEMPATH\Commands\Server\rewrite.php(47): require_once('FCPATH\\index.php')
CRITICAL - 2023-01-12 12:45:24 --> syntax error, unexpected token "<"
in APPPATH\Views\perpus\index.php on line 64.
 1 SYSTEMPATH\View\View.php(216): CodeIgniter\View\View->CodeIgniter\View\{closure}()
 2 SYSTEMPATH\Common.php(1135): CodeIgniter\View\View->render('perpus/index', [], true)
 3 APPPATH\Controllers\Perpus.php(12): view('perpus/index', [...])
 4 SYSTEMPATH\CodeIgniter.php(925): App\Controllers\Perpus->index()
 5 SYSTEMPATH\CodeIgniter.php(480): CodeIgniter\CodeIgniter->runController(Object(App\Controllers\Perpus))
 6 SYSTEMPATH\CodeIgniter.php(349): CodeIgniter\CodeIgniter->handleRequest(null, Object(Config\Cache), false)
 7 FCPATH\index.php(67): CodeIgniter\CodeIgniter->run()
 8 SYSTEMPATH\Commands\Server\rewrite.php(47): require_once('FCPATH\\index.php')
CRITICAL - 2023-01-12 12:45:43 --> Unclosed '{' on line 42
in APPPATH\Views\perpus\index.php on line 66.
 1 SYSTEMPATH\View\View.php(216): CodeIgniter\View\View->CodeIgniter\View\{closure}()
 2 SYSTEMPATH\Common.php(1135): CodeIgniter\View\View->render('perpus/index', [], true)
 3 APPPATH\Controllers\Perpus.php(12): view('perpus/index', [...])
 4 SYSTEMPATH\CodeIgniter.php(925): App\Controllers\Perpus->index()
 5 SYSTEMPATH\CodeIgniter.php(480): CodeIgniter\CodeIgniter->runController(Object(App\Controllers\Perpus))
 6 SYSTEMPATH\CodeIgniter.php(349): CodeIgniter\CodeIgniter->handleRequest(null, Object(Config\Cache), false)
 7 FCPATH\index.php(67): CodeIgniter\CodeIgniter->run()
 8 SYSTEMPATH\Commands\Server\rewrite.php(47): require_once('FCPATH\\index.php')
CRITICAL - 2023-01-12 12:46:26 --> Unclosed '{' on line 48
in APPPATH\Views\perpus\index.php on line 69.
 1 SYSTEMPATH\View\View.php(216): CodeIgniter\View\View->CodeIgniter\View\{closure}()
 2 SYSTEMPATH\Common.php(1135): CodeIgniter\View\View->render('perpus/index', [], true)
 3 APPPATH\Controllers\Perpus.php(12): view('perpus/index', [...])
 4 SYSTEMPATH\CodeIgniter.php(925): App\Controllers\Perpus->index()
 5 SYSTEMPATH\CodeIgniter.php(480): CodeIgniter\CodeIgniter->runController(Object(App\Controllers\Perpus))
 6 SYSTEMPATH\CodeIgniter.php(349): CodeIgniter\CodeIgniter->handleRequest(null, Object(Config\Cache), false)
 7 FCPATH\index.php(67): CodeIgniter\CodeIgniter->run()
 8 SYSTEMPATH\Commands\Server\rewrite.php(47): require_once('FCPATH\\index.php')
CRITICAL - 2023-01-12 12:47:27 --> include(/controllers/tautan): Failed to open stream: No such file or directory
in APPPATH\Views\perpus\index.php on line 43.
 1 APPPATH\Views\perpus\index.php(43): CodeIgniter\Debug\Exceptions->errorHandler(2, 'include(/controllers/tautan): Failed to open stream: No such file or directory', 'APPPATH\\Views\\perpus\\index.php', 43)
 2 APPPATH\Views\perpus\index.php(43): include()
 3 SYSTEMPATH\View\View.php(213): include('APPPATH\\Views\\perpus\\index.php')
 4 SYSTEMPATH\View\View.php(216): CodeIgniter\View\View->CodeIgniter\View\{closure}()
 5 SYSTEMPATH\Common.php(1135): CodeIgniter\View\View->render('perpus/index', [], true)
 6 APPPATH\Controllers\Perpus.php(12): view('perpus/index', [...])
 7 SYSTEMPATH\CodeIgniter.php(925): App\Controllers\Perpus->index()
 8 SYSTEMPATH\CodeIgniter.php(480): CodeIgniter\CodeIgniter->runController(Object(App\Controllers\Perpus))
 9 SYSTEMPATH\CodeIgniter.php(349): CodeIgniter\CodeIgniter->handleRequest(null, Object(Config\Cache), false)
10 FCPATH\index.php(67): CodeIgniter\CodeIgniter->run()
11 SYSTEMPATH\Commands\Server\rewrite.php(47): require_once('FCPATH\\index.php')
CRITICAL - 2023-01-12 12:47:44 --> include(/tautan): Failed to open stream: No such file or directory
in APPPATH\Views\perpus\index.php on line 43.
 1 APPPATH\Views\perpus\index.php(43): CodeIgniter\Debug\Exceptions->errorHandler(2, 'include(/tautan): Failed to open stream: No such file or directory', 'APPPATH\\Views\\perpus\\index.php', 43)
 2 APPPATH\Views\perpus\index.php(43): include()
 3 SYSTEMPATH\View\View.php(213): include('APPPATH\\Views\\perpus\\index.php')
 4 SYSTEMPATH\View\View.php(216): CodeIgniter\View\View->CodeIgniter\View\{closure}()
 5 SYSTEMPATH\Common.php(1135): CodeIgniter\View\View->render('perpus/index', [], true)
 6 APPPATH\Controllers\Perpus.php(12): view('perpus/index', [...])
 7 SYSTEMPATH\CodeIgniter.php(925): App\Controllers\Perpus->index()
 8 SYSTEMPATH\CodeIgniter.php(480): CodeIgniter\CodeIgniter->runController(Object(App\Controllers\Perpus))
 9 SYSTEMPATH\CodeIgniter.php(349): CodeIgniter\CodeIgniter->handleRequest(null, Object(Config\Cache), false)
10 FCPATH\index.php(67): CodeIgniter\CodeIgniter->run()
11 SYSTEMPATH\Commands\Server\rewrite.php(47): require_once('FCPATH\\index.php')
CRITICAL - 2023-01-12 12:47:46 --> include(/tautan): Failed to open stream: No such file or directory
in APPPATH\Views\perpus\index.php on line 43.
 1 APPPATH\Views\perpus\index.php(43): CodeIgniter\Debug\Exceptions->errorHandler(2, 'include(/tautan): Failed to open stream: No such file or directory', 'APPPATH\\Views\\perpus\\index.php', 43)
 2 APPPATH\Views\perpus\index.php(43): include()
 3 SYSTEMPATH\View\View.php(213): include('APPPATH\\Views\\perpus\\index.php')
 4 SYSTEMPATH\View\View.php(216): CodeIgniter\View\View->CodeIgniter\View\{closure}()
 5 SYSTEMPATH\Common.php(1135): CodeIgniter\View\View->render('perpus/index', [], true)
 6 APPPATH\Controllers\Perpus.php(12): view('perpus/index', [...])
 7 SYSTEMPATH\CodeIgniter.php(925): App\Controllers\Perpus->index()
 8 SYSTEMPATH\CodeIgniter.php(480): CodeIgniter\CodeIgniter->runController(Object(App\Controllers\Perpus))
 9 SYSTEMPATH\CodeIgniter.php(349): CodeIgniter\CodeIgniter->handleRequest(null, Object(Config\Cache), false)
10 FCPATH\index.php(67): CodeIgniter\CodeIgniter->run()
11 SYSTEMPATH\Commands\Server\rewrite.php(47): require_once('FCPATH\\index.php')
CRITICAL - 2023-01-12 12:48:47 --> include(/tautan): Failed to open stream: No such file or directory
in APPPATH\Views\perpus\index.php on line 43.
 1 APPPATH\Views\perpus\index.php(43): CodeIgniter\Debug\Exceptions->errorHandler(2, 'include(/tautan): Failed to open stream: No such file or directory', 'APPPATH\\Views\\perpus\\index.php', 43)
 2 APPPATH\Views\perpus\index.php(43): include()
 3 SYSTEMPATH\View\View.php(213): include('APPPATH\\Views\\perpus\\index.php')
 4 SYSTEMPATH\View\View.php(216): CodeIgniter\View\View->CodeIgniter\View\{closure}()
 5 SYSTEMPATH\Common.php(1135): CodeIgniter\View\View->render('perpus/index', [], true)
 6 APPPATH\Controllers\Perpus.php(12): view('perpus/index', [...])
 7 SYSTEMPATH\CodeIgniter.php(925): App\Controllers\Perpus->index()
 8 SYSTEMPATH\CodeIgniter.php(480): CodeIgniter\CodeIgniter->runController(Object(App\Controllers\Perpus))
 9 SYSTEMPATH\CodeIgniter.php(349): CodeIgniter\CodeIgniter->handleRequest(null, Object(Config\Cache), false)
10 FCPATH\index.php(67): CodeIgniter\CodeIgniter->run()
11 SYSTEMPATH\Commands\Server\rewrite.php(47): require_once('FCPATH\\index.php')
CRITICAL - 2023-01-12 12:48:49 --> include(/tautan): Failed to open stream: No such file or directory
in APPPATH\Views\perpus\index.php on line 43.
 1 APPPATH\Views\perpus\index.php(43): CodeIgniter\Debug\Exceptions->errorHandler(2, 'include(/tautan): Failed to open stream: No such file or directory', 'APPPATH\\Views\\perpus\\index.php', 43)
 2 APPPATH\Views\perpus\index.php(43): include()
 3 SYSTEMPATH\View\View.php(213): include('APPPATH\\Views\\perpus\\index.php')
 4 SYSTEMPATH\View\View.php(216): CodeIgniter\View\View->CodeIgniter\View\{closure}()
 5 SYSTEMPATH\Common.php(1135): CodeIgniter\View\View->render('perpus/index', [], true)
 6 APPPATH\Controllers\Perpus.php(12): view('perpus/index', [...])
 7 SYSTEMPATH\CodeIgniter.php(925): App\Controllers\Perpus->index()
 8 SYSTEMPATH\CodeIgniter.php(480): CodeIgniter\CodeIgniter->runController(Object(App\Controllers\Perpus))
 9 SYSTEMPATH\CodeIgniter.php(349): CodeIgniter\CodeIgniter->handleRequest(null, Object(Config\Cache), false)
10 FCPATH\index.php(67): CodeIgniter\CodeIgniter->run()
11 SYSTEMPATH\Commands\Server\rewrite.php(47): require_once('FCPATH\\index.php')
CRITICAL - 2023-01-12 12:48:49 --> include(/tautan): Failed to open stream: No such file or directory
in APPPATH\Views\perpus\index.php on line 43.
 1 APPPATH\Views\perpus\index.php(43): CodeIgniter\Debug\Exceptions->errorHandler(2, 'include(/tautan): Failed to open stream: No such file or directory', 'APPPATH\\Views\\perpus\\index.php', 43)
 2 APPPATH\Views\perpus\index.php(43): include()
 3 SYSTEMPATH\View\View.php(213): include('APPPATH\\Views\\perpus\\index.php')
 4 SYSTEMPATH\View\View.php(216): CodeIgniter\View\View->CodeIgniter\View\{closure}()
 5 SYSTEMPATH\Common.php(1135): CodeIgniter\View\View->render('perpus/index', [], true)
 6 APPPATH\Controllers\Perpus.php(12): view('perpus/index', [...])
 7 SYSTEMPATH\CodeIgniter.php(925): App\Controllers\Perpus->index()
 8 SYSTEMPATH\CodeIgniter.php(480): CodeIgniter\CodeIgniter->runController(Object(App\Controllers\Perpus))
 9 SYSTEMPATH\CodeIgniter.php(349): CodeIgniter\CodeIgniter->handleRequest(null, Object(Config\Cache), false)
10 FCPATH\index.php(67): CodeIgniter\CodeIgniter->run()
11 SYSTEMPATH\Commands\Server\rewrite.php(47): require_once('FCPATH\\index.php')
CRITICAL - 2023-01-12 12:49:06 --> include(/link/tautan): Failed to open stream: No such file or directory
in APPPATH\Views\perpus\index.php on line 43.
 1 APPPATH\Views\perpus\index.php(43): CodeIgniter\Debug\Exceptions->errorHandler(2, 'include(/link/tautan): Failed to open stream: No such file or directory', 'APPPATH\\Views\\perpus\\index.php', 43)
 2 APPPATH\Views\perpus\index.php(43): include()
 3 SYSTEMPATH\View\View.php(213): include('APPPATH\\Views\\perpus\\index.php')
 4 SYSTEMPATH\View\View.php(216): CodeIgniter\View\View->CodeIgniter\View\{closure}()
 5 SYSTEMPATH\Common.php(1135): CodeIgniter\View\View->render('perpus/index', [], true)
 6 APPPATH\Controllers\Perpus.php(12): view('perpus/index', [...])
 7 SYSTEMPATH\CodeIgniter.php(925): App\Controllers\Perpus->index()
 8 SYSTEMPATH\CodeIgniter.php(480): CodeIgniter\CodeIgniter->runController(Object(App\Controllers\Perpus))
 9 SYSTEMPATH\CodeIgniter.php(349): CodeIgniter\CodeIgniter->handleRequest(null, Object(Config\Cache), false)
10 FCPATH\index.php(67): CodeIgniter\CodeIgniter->run()
11 SYSTEMPATH\Commands\Server\rewrite.php(47): require_once('FCPATH\\index.php')
CRITICAL - 2023-01-12 12:52:48 --> include(/link/tautan): Failed to open stream: No such file or directory
in APPPATH\Views\perpus\index.php on line 43.
 1 APPPATH\Views\perpus\index.php(43): CodeIgniter\Debug\Exceptions->errorHandler(2, 'include(/link/tautan): Failed to open stream: No such file or directory', 'APPPATH\\Views\\perpus\\index.php', 43)
 2 APPPATH\Views\perpus\index.php(43): include()
 3 SYSTEMPATH\View\View.php(213): include('APPPATH\\Views\\perpus\\index.php')
 4 SYSTEMPATH\View\View.php(216): CodeIgniter\View\View->CodeIgniter\View\{closure}()
 5 SYSTEMPATH\Common.php(1135): CodeIgniter\View\View->render('perpus/index', [], true)
 6 APPPATH\Controllers\Perpus.php(12): view('perpus/index', [...])
 7 SYSTEMPATH\CodeIgniter.php(925): App\Controllers\Perpus->index()
 8 SYSTEMPATH\CodeIgniter.php(480): CodeIgniter\CodeIgniter->runController(Object(App\Controllers\Perpus))
 9 SYSTEMPATH\CodeIgniter.php(349): CodeIgniter\CodeIgniter->handleRequest(null, Object(Config\Cache), false)
10 FCPATH\index.php(67): CodeIgniter\CodeIgniter->run()
11 SYSTEMPATH\Commands\Server\rewrite.php(47): require_once('FCPATH\\index.php')
CRITICAL - 2023-01-12 12:53:07 --> include(/link/tautan.php): Failed to open stream: No such file or directory
in APPPATH\Views\perpus\index.php on line 43.
 1 APPPATH\Views\perpus\index.php(43): CodeIgniter\Debug\Exceptions->errorHandler(2, 'include(/link/tautan.php): Failed to open stream: No such file or directory', 'APPPATH\\Views\\perpus\\index.php', 43)
 2 APPPATH\Views\perpus\index.php(43): include()
 3 SYSTEMPATH\View\View.php(213): include('APPPATH\\Views\\perpus\\index.php')
 4 SYSTEMPATH\View\View.php(216): CodeIgniter\View\View->CodeIgniter\View\{closure}()
 5 SYSTEMPATH\Common.php(1135): CodeIgniter\View\View->render('perpus/index', [], true)
 6 APPPATH\Controllers\Perpus.php(12): view('perpus/index', [...])
 7 SYSTEMPATH\CodeIgniter.php(925): App\Controllers\Perpus->index()
 8 SYSTEMPATH\CodeIgniter.php(480): CodeIgniter\CodeIgniter->runController(Object(App\Controllers\Perpus))
 9 SYSTEMPATH\CodeIgniter.php(349): CodeIgniter\CodeIgniter->handleRequest(null, Object(Config\Cache), false)
10 FCPATH\index.php(67): CodeIgniter\CodeIgniter->run()
11 SYSTEMPATH\Commands\Server\rewrite.php(47): require_once('FCPATH\\index.php')
CRITICAL - 2023-01-12 12:53:28 --> Undefined variable $tautan
in APPPATH\Views\perpus\index.php on line 45.
 1 APPPATH\Views\perpus\index.php(45): CodeIgniter\Debug\Exceptions->errorHandler(2, 'Undefined variable $tautan', 'APPPATH\\Views\\perpus\\index.php', 45)
 2 SYSTEMPATH\View\View.php(213): include('APPPATH\\Views\\perpus\\index.php')
 3 SYSTEMPATH\View\View.php(216): CodeIgniter\View\View->CodeIgniter\View\{closure}()
 4 SYSTEMPATH\Common.php(1135): CodeIgniter\View\View->render('perpus/index', [], true)
 5 APPPATH\Controllers\Perpus.php(12): view('perpus/index', [...])
 6 SYSTEMPATH\CodeIgniter.php(925): App\Controllers\Perpus->index()
 7 SYSTEMPATH\CodeIgniter.php(480): CodeIgniter\CodeIgniter->runController(Object(App\Controllers\Perpus))
 8 SYSTEMPATH\CodeIgniter.php(349): CodeIgniter\CodeIgniter->handleRequest(null, Object(Config\Cache), false)
 9 FCPATH\index.php(67): CodeIgniter\CodeIgniter->run()
10 SYSTEMPATH\Commands\Server\rewrite.php(47): require_once('FCPATH\\index.php')
CRITICAL - 2023-01-12 12:55:16 --> Undefined variable $tautan
in APPPATH\Views\perpus\index.php on line 45.
 1 APPPATH\Views\perpus\index.php(45): CodeIgniter\Debug\Exceptions->errorHandler(2, 'Undefined variable $tautan', 'APPPATH\\Views\\perpus\\index.php', 45)
 2 SYSTEMPATH\View\View.php(213): include('APPPATH\\Views\\perpus\\index.php')
 3 SYSTEMPATH\View\View.php(216): CodeIgniter\View\View->CodeIgniter\View\{closure}()
 4 SYSTEMPATH\Common.php(1135): CodeIgniter\View\View->render('perpus/index', [], true)
 5 APPPATH\Controllers\Perpus.php(12): view('perpus/index', [...])
 6 SYSTEMPATH\CodeIgniter.php(925): App\Controllers\Perpus->index()
 7 SYSTEMPATH\CodeIgniter.php(480): CodeIgniter\CodeIgniter->runController(Object(App\Controllers\Perpus))
 8 SYSTEMPATH\CodeIgniter.php(349): CodeIgniter\CodeIgniter->handleRequest(null, Object(Config\Cache), false)
 9 FCPATH\index.php(67): CodeIgniter\CodeIgniter->run()
10 SYSTEMPATH\Commands\Server\rewrite.php(47): require_once('FCPATH\\index.php')
CRITICAL - 2023-01-12 12:56:28 --> Undefined variable $tautan
in APPPATH\Views\perpus\index.php on line 45.
 1 APPPATH\Views\perpus\index.php(45): CodeIgniter\Debug\Exceptions->errorHandler(2, 'Undefined variable $tautan', 'APPPATH\\Views\\perpus\\index.php', 45)
 2 SYSTEMPATH\View\View.php(213): include('APPPATH\\Views\\perpus\\index.php')
 3 SYSTEMPATH\View\View.php(216): CodeIgniter\View\View->CodeIgniter\View\{closure}()
 4 SYSTEMPATH\Common.php(1135): CodeIgniter\View\View->render('perpus/index', [], true)
 5 APPPATH\Controllers\Perpus.php(12): view('perpus/index', [...])
 6 SYSTEMPATH\CodeIgniter.php(925): App\Controllers\Perpus->index()
 7 SYSTEMPATH\CodeIgniter.php(480): CodeIgniter\CodeIgniter->runController(Object(App\Controllers\Perpus))
 8 SYSTEMPATH\CodeIgniter.php(349): CodeIgniter\CodeIgniter->handleRequest(null, Object(Config\Cache), false)
 9 FCPATH\index.php(67): CodeIgniter\CodeIgniter->run()
10 SYSTEMPATH\Commands\Server\rewrite.php(47): require_once('FCPATH\\index.php')
CRITICAL - 2023-01-12 12:56:30 --> Undefined variable $tautan
in APPPATH\Views\perpus\index.php on line 45.
 1 APPPATH\Views\perpus\index.php(45): CodeIgniter\Debug\Exceptions->errorHandler(2, 'Undefined variable $tautan', 'APPPATH\\Views\\perpus\\index.php', 45)
 2 SYSTEMPATH\View\View.php(213): include('APPPATH\\Views\\perpus\\index.php')
 3 SYSTEMPATH\View\View.php(216): CodeIgniter\View\View->CodeIgniter\View\{closure}()
 4 SYSTEMPATH\Common.php(1135): CodeIgniter\View\View->render('perpus/index', [], true)
 5 APPPATH\Controllers\Perpus.php(12): view('perpus/index', [...])
 6 SYSTEMPATH\CodeIgniter.php(925): App\Controllers\Perpus->index()
 7 SYSTEMPATH\CodeIgniter.php(480): CodeIgniter\CodeIgniter->runController(Object(App\Controllers\Perpus))
 8 SYSTEMPATH\CodeIgniter.php(349): CodeIgniter\CodeIgniter->handleRequest(null, Object(Config\Cache), false)
 9 FCPATH\index.php(67): CodeIgniter\CodeIgniter->run()
10 SYSTEMPATH\Commands\Server\rewrite.php(47): require_once('FCPATH\\index.php')
CRITICAL - 2023-01-12 12:56:31 --> Undefined variable $tautan
in APPPATH\Views\perpus\index.php on line 45.
 1 APPPATH\Views\perpus\index.php(45): CodeIgniter\Debug\Exceptions->errorHandler(2, 'Undefined variable $tautan', 'APPPATH\\Views\\perpus\\index.php', 45)
 2 SYSTEMPATH\View\View.php(213): include('APPPATH\\Views\\perpus\\index.php')
 3 SYSTEMPATH\View\View.php(216): CodeIgniter\View\View->CodeIgniter\View\{closure}()
 4 SYSTEMPATH\Common.php(1135): CodeIgniter\View\View->render('perpus/index', [], true)
 5 APPPATH\Controllers\Perpus.php(12): view('perpus/index', [...])
 6 SYSTEMPATH\CodeIgniter.php(925): App\Controllers\Perpus->index()
 7 SYSTEMPATH\CodeIgniter.php(480): CodeIgniter\CodeIgniter->runController(Object(App\Controllers\Perpus))
 8 SYSTEMPATH\CodeIgniter.php(349): CodeIgniter\CodeIgniter->handleRequest(null, Object(Config\Cache), false)
 9 FCPATH\index.php(67): CodeIgniter\CodeIgniter->run()
10 SYSTEMPATH\Commands\Server\rewrite.php(47): require_once('FCPATH\\index.php')
CRITICAL - 2023-01-12 12:56:31 --> Undefined variable $tautan
in APPPATH\Views\perpus\index.php on line 45.
 1 APPPATH\Views\perpus\index.php(45): CodeIgniter\Debug\Exceptions->errorHandler(2, 'Undefined variable $tautan', 'APPPATH\\Views\\perpus\\index.php', 45)
 2 SYSTEMPATH\View\View.php(213): include('APPPATH\\Views\\perpus\\index.php')
 3 SYSTEMPATH\View\View.php(216): CodeIgniter\View\View->CodeIgniter\View\{closure}()
 4 SYSTEMPATH\Common.php(1135): CodeIgniter\View\View->render('perpus/index', [], true)
 5 APPPATH\Controllers\Perpus.php(12): view('perpus/index', [...])
 6 SYSTEMPATH\CodeIgniter.php(925): App\Controllers\Perpus->index()
 7 SYSTEMPATH\CodeIgniter.php(480): CodeIgniter\CodeIgniter->runController(Object(App\Controllers\Perpus))
 8 SYSTEMPATH\CodeIgniter.php(349): CodeIgniter\CodeIgniter->handleRequest(null, Object(Config\Cache), false)
 9 FCPATH\index.php(67): CodeIgniter\CodeIgniter->run()
10 SYSTEMPATH\Commands\Server\rewrite.php(47): require_once('FCPATH\\index.php')
CRITICAL - 2023-01-12 12:56:32 --> Undefined variable $tautan
in APPPATH\Views\perpus\index.php on line 45.
 1 APPPATH\Views\perpus\index.php(45): CodeIgniter\Debug\Exceptions->errorHandler(2, 'Undefined variable $tautan', 'APPPATH\\Views\\perpus\\index.php', 45)
 2 SYSTEMPATH\View\View.php(213): include('APPPATH\\Views\\perpus\\index.php')
 3 SYSTEMPATH\View\View.php(216): CodeIgniter\View\View->CodeIgniter\View\{closure}()
 4 SYSTEMPATH\Common.php(1135): CodeIgniter\View\View->render('perpus/index', [], true)
 5 APPPATH\Controllers\Perpus.php(12): view('perpus/index', [...])
 6 SYSTEMPATH\CodeIgniter.php(925): App\Controllers\Perpus->index()
 7 SYSTEMPATH\CodeIgniter.php(480): CodeIgniter\CodeIgniter->runController(Object(App\Controllers\Perpus))
 8 SYSTEMPATH\CodeIgniter.php(349): CodeIgniter\CodeIgniter->handleRequest(null, Object(Config\Cache), false)
 9 FCPATH\index.php(67): CodeIgniter\CodeIgniter->run()
10 SYSTEMPATH\Commands\Server\rewrite.php(47): require_once('FCPATH\\index.php')
CRITICAL - 2023-01-12 12:56:50 --> Undefined variable $tautan
in APPPATH\Views\perpus\index.php on line 45.
 1 APPPATH\Views\perpus\index.php(45): CodeIgniter\Debug\Exceptions->errorHandler(2, 'Undefined variable $tautan', 'APPPATH\\Views\\perpus\\index.php', 45)
 2 SYSTEMPATH\View\View.php(213): include('APPPATH\\Views\\perpus\\index.php')
 3 SYSTEMPATH\View\View.php(216): CodeIgniter\View\View->CodeIgniter\View\{closure}()
 4 SYSTEMPATH\Common.php(1135): CodeIgniter\View\View->render('perpus/index', [], true)
 5 APPPATH\Controllers\Perpus.php(12): view('perpus/index', [...])
 6 SYSTEMPATH\CodeIgniter.php(925): App\Controllers\Perpus->index()
 7 SYSTEMPATH\CodeIgniter.php(480): CodeIgniter\CodeIgniter->runController(Object(App\Controllers\Perpus))
 8 SYSTEMPATH\CodeIgniter.php(349): CodeIgniter\CodeIgniter->handleRequest(null, Object(Config\Cache), false)
 9 FCPATH\index.php(67): CodeIgniter\CodeIgniter->run()
10 SYSTEMPATH\Commands\Server\rewrite.php(47): require_once('FCPATH\\index.php')
ERROR - 2023-01-12 13:48:35 --> mysqli_sql_exception: You have an error in your SQL syntax; check the manual that corresponds to your MariaDB server version for the right syntax to use near '$sql' at line 1 in C:\xampp\htdocs\fadhlan ci4\system\Database\MySQLi\Connection.php:292
Stack trace:
#0 C:\xampp\htdocs\fadhlan ci4\system\Database\MySQLi\Connection.php(292): mysqli->query('$sql', 0)
#1 C:\xampp\htdocs\fadhlan ci4\system\Database\BaseConnection.php(666): CodeIgniter\Database\MySQLi\Connection->execute('$sql')
#2 C:\xampp\htdocs\fadhlan ci4\system\Database\BaseConnection.php(593): CodeIgniter\Database\BaseConnection->simpleQuery('$sql')
#3 C:\xampp\htdocs\fadhlan ci4\app\Models\Peminjaman_buku.php(19): CodeIgniter\Database\BaseConnection->query('$sql')
#4 C:\xampp\htdocs\fadhlan ci4\app\Controllers\Perpus.php(21): App\Models\Peminjaman_buku->datapeminjaman()
#5 C:\xampp\htdocs\fadhlan ci4\system\CodeIgniter.php(925): App\Controllers\Perpus->index()
#6 C:\xampp\htdocs\fadhlan ci4\system\CodeIgniter.php(480): CodeIgniter\CodeIgniter->runController(Object(App\Controllers\Perpus))
#7 C:\xampp\htdocs\fadhlan ci4\system\CodeIgniter.php(349): CodeIgniter\CodeIgniter->handleRequest(NULL, Object(Config\Cache), false)
#8 C:\xampp\htdocs\fadhlan ci4\public\index.php(67): CodeIgniter\CodeIgniter->run()
#9 C:\xampp\htdocs\fadhlan ci4\system\Commands\Server\rewrite.php(47): require_once('C:\\xampp\\htdocs...')
#10 {main}
CRITICAL - 2023-01-12 13:48:35 --> You have an error in your SQL syntax; check the manual that corresponds to your MariaDB server version for the right syntax to use near '$sql' at line 1
in SYSTEMPATH\Database\MySQLi\Connection.php on line 292.
 1 SYSTEMPATH\Database\MySQLi\Connection.php(292): mysqli->query('$sql', 0)
 2 SYSTEMPATH\Database\BaseConnection.php(666): CodeIgniter\Database\MySQLi\Connection->execute('$sql')
 3 SYSTEMPATH\Database\BaseConnection.php(593): CodeIgniter\Database\BaseConnection->simpleQuery('$sql')
 4 APPPATH\Models\Peminjaman_buku.php(19): CodeIgniter\Database\BaseConnection->query('$sql')
 5 APPPATH\Controllers\Perpus.php(21): App\Models\Peminjaman_buku->datapeminjaman()
 6 SYSTEMPATH\CodeIgniter.php(925): App\Controllers\Perpus->index()
 7 SYSTEMPATH\CodeIgniter.php(480): CodeIgniter\CodeIgniter->runController(Object(App\Controllers\Perpus))
 8 SYSTEMPATH\CodeIgniter.php(349): CodeIgniter\CodeIgniter->handleRequest(null, Object(Config\Cache), false)
 9 FCPATH\index.php(67): CodeIgniter\CodeIgniter->run()
10 SYSTEMPATH\Commands\Server\rewrite.php(47): require_once('FCPATH\\index.php')
ERROR - 2023-01-12 13:48:38 --> mysqli_sql_exception: You have an error in your SQL syntax; check the manual that corresponds to your MariaDB server version for the right syntax to use near '$sql' at line 1 in C:\xampp\htdocs\fadhlan ci4\system\Database\MySQLi\Connection.php:292
Stack trace:
#0 C:\xampp\htdocs\fadhlan ci4\system\Database\MySQLi\Connection.php(292): mysqli->query('$sql', 0)
#1 C:\xampp\htdocs\fadhlan ci4\system\Database\BaseConnection.php(666): CodeIgniter\Database\MySQLi\Connection->execute('$sql')
#2 C:\xampp\htdocs\fadhlan ci4\system\Database\BaseConnection.php(593): CodeIgniter\Database\BaseConnection->simpleQuery('$sql')
#3 C:\xampp\htdocs\fadhlan ci4\app\Models\Peminjaman_buku.php(19): CodeIgniter\Database\BaseConnection->query('$sql')
#4 C:\xampp\htdocs\fadhlan ci4\app\Controllers\Perpus.php(21): App\Models\Peminjaman_buku->datapeminjaman()
#5 C:\xampp\htdocs\fadhlan ci4\system\CodeIgniter.php(925): App\Controllers\Perpus->index()
#6 C:\xampp\htdocs\fadhlan ci4\system\CodeIgniter.php(480): CodeIgniter\CodeIgniter->runController(Object(App\Controllers\Perpus))
#7 C:\xampp\htdocs\fadhlan ci4\system\CodeIgniter.php(349): CodeIgniter\CodeIgniter->handleRequest(NULL, Object(Config\Cache), false)
#8 C:\xampp\htdocs\fadhlan ci4\public\index.php(67): CodeIgniter\CodeIgniter->run()
#9 C:\xampp\htdocs\fadhlan ci4\system\Commands\Server\rewrite.php(47): require_once('C:\\xampp\\htdocs...')
#10 {main}
CRITICAL - 2023-01-12 13:48:38 --> You have an error in your SQL syntax; check the manual that corresponds to your MariaDB server version for the right syntax to use near '$sql' at line 1
in SYSTEMPATH\Database\MySQLi\Connection.php on line 292.
 1 SYSTEMPATH\Database\MySQLi\Connection.php(292): mysqli->query('$sql', 0)
 2 SYSTEMPATH\Database\BaseConnection.php(666): CodeIgniter\Database\MySQLi\Connection->execute('$sql')
 3 SYSTEMPATH\Database\BaseConnection.php(593): CodeIgniter\Database\BaseConnection->simpleQuery('$sql')
 4 APPPATH\Models\Peminjaman_buku.php(19): CodeIgniter\Database\BaseConnection->query('$sql')
 5 APPPATH\Controllers\Perpus.php(21): App\Models\Peminjaman_buku->datapeminjaman()
 6 SYSTEMPATH\CodeIgniter.php(925): App\Controllers\Perpus->index()
 7 SYSTEMPATH\CodeIgniter.php(480): CodeIgniter\CodeIgniter->runController(Object(App\Controllers\Perpus))
 8 SYSTEMPATH\CodeIgniter.php(349): CodeIgniter\CodeIgniter->handleRequest(null, Object(Config\Cache), false)
 9 FCPATH\index.php(67): CodeIgniter\CodeIgniter->run()
10 SYSTEMPATH\Commands\Server\rewrite.php(47): require_once('FCPATH\\index.php')
ERROR - 2023-01-12 13:48:40 --> mysqli_sql_exception: You have an error in your SQL syntax; check the manual that corresponds to your MariaDB server version for the right syntax to use near '$sql' at line 1 in C:\xampp\htdocs\fadhlan ci4\system\Database\MySQLi\Connection.php:292
Stack trace:
#0 C:\xampp\htdocs\fadhlan ci4\system\Database\MySQLi\Connection.php(292): mysqli->query('$sql', 0)
#1 C:\xampp\htdocs\fadhlan ci4\system\Database\BaseConnection.php(666): CodeIgniter\Database\MySQLi\Connection->execute('$sql')
#2 C:\xampp\htdocs\fadhlan ci4\system\Database\BaseConnection.php(593): CodeIgniter\Database\BaseConnection->simpleQuery('$sql')
#3 C:\xampp\htdocs\fadhlan ci4\app\Models\Peminjaman_buku.php(19): CodeIgniter\Database\BaseConnection->query('$sql')
#4 C:\xampp\htdocs\fadhlan ci4\app\Controllers\Perpus.php(21): App\Models\Peminjaman_buku->datapeminjaman()
#5 C:\xampp\htdocs\fadhlan ci4\system\CodeIgniter.php(925): App\Controllers\Perpus->index()
#6 C:\xampp\htdocs\fadhlan ci4\system\CodeIgniter.php(480): CodeIgniter\CodeIgniter->runController(Object(App\Controllers\Perpus))
#7 C:\xampp\htdocs\fadhlan ci4\system\CodeIgniter.php(349): CodeIgniter\CodeIgniter->handleRequest(NULL, Object(Config\Cache), false)
#8 C:\xampp\htdocs\fadhlan ci4\public\index.php(67): CodeIgniter\CodeIgniter->run()
#9 C:\xampp\htdocs\fadhlan ci4\system\Commands\Server\rewrite.php(47): require_once('C:\\xampp\\htdocs...')
#10 {main}
CRITICAL - 2023-01-12 13:48:40 --> You have an error in your SQL syntax; check the manual that corresponds to your MariaDB server version for the right syntax to use near '$sql' at line 1
in SYSTEMPATH\Database\MySQLi\Connection.php on line 292.
 1 SYSTEMPATH\Database\MySQLi\Connection.php(292): mysqli->query('$sql', 0)
 2 SYSTEMPATH\Database\BaseConnection.php(666): CodeIgniter\Database\MySQLi\Connection->execute('$sql')
 3 SYSTEMPATH\Database\BaseConnection.php(593): CodeIgniter\Database\BaseConnection->simpleQuery('$sql')
 4 APPPATH\Models\Peminjaman_buku.php(19): CodeIgniter\Database\BaseConnection->query('$sql')
 5 APPPATH\Controllers\Perpus.php(21): App\Models\Peminjaman_buku->datapeminjaman()
 6 SYSTEMPATH\CodeIgniter.php(925): App\Controllers\Perpus->index()
 7 SYSTEMPATH\CodeIgniter.php(480): CodeIgniter\CodeIgniter->runController(Object(App\Controllers\Perpus))
 8 SYSTEMPATH\CodeIgniter.php(349): CodeIgniter\CodeIgniter->handleRequest(null, Object(Config\Cache), false)
 9 FCPATH\index.php(67): CodeIgniter\CodeIgniter->run()
10 SYSTEMPATH\Commands\Server\rewrite.php(47): require_once('FCPATH\\index.php')
ERROR - 2023-01-12 13:51:43 --> mysqli_sql_exception: You have an error in your SQL syntax; check the manual that corresponds to your MariaDB server version for the right syntax to use near '$sql' at line 1 in C:\xampp\htdocs\fadhlan ci4\system\Database\MySQLi\Connection.php:292
Stack trace:
#0 C:\xampp\htdocs\fadhlan ci4\system\Database\MySQLi\Connection.php(292): mysqli->query('$sql', 0)
#1 C:\xampp\htdocs\fadhlan ci4\system\Database\BaseConnection.php(666): CodeIgniter\Database\MySQLi\Connection->execute('$sql')
#2 C:\xampp\htdocs\fadhlan ci4\system\Database\BaseConnection.php(593): CodeIgniter\Database\BaseConnection->simpleQuery('$sql')
#3 C:\xampp\htdocs\fadhlan ci4\app\Models\Peminjaman_buku.php(19): CodeIgniter\Database\BaseConnection->query('$sql')
#4 C:\xampp\htdocs\fadhlan ci4\app\Controllers\Perpus.php(21): App\Models\Peminjaman_buku->datapeminjaman()
#5 C:\xampp\htdocs\fadhlan ci4\system\CodeIgniter.php(925): App\Controllers\Perpus->index()
#6 C:\xampp\htdocs\fadhlan ci4\system\CodeIgniter.php(480): CodeIgniter\CodeIgniter->runController(Object(App\Controllers\Perpus))
#7 C:\xampp\htdocs\fadhlan ci4\system\CodeIgniter.php(349): CodeIgniter\CodeIgniter->handleRequest(NULL, Object(Config\Cache), false)
#8 C:\xampp\htdocs\fadhlan ci4\public\index.php(67): CodeIgniter\CodeIgniter->run()
#9 C:\xampp\htdocs\fadhlan ci4\system\Commands\Server\rewrite.php(47): require_once('C:\\xampp\\htdocs...')
#10 {main}
CRITICAL - 2023-01-12 13:51:43 --> You have an error in your SQL syntax; check the manual that corresponds to your MariaDB server version for the right syntax to use near '$sql' at line 1
in SYSTEMPATH\Database\MySQLi\Connection.php on line 292.
 1 SYSTEMPATH\Database\MySQLi\Connection.php(292): mysqli->query('$sql', 0)
 2 SYSTEMPATH\Database\BaseConnection.php(666): CodeIgniter\Database\MySQLi\Connection->execute('$sql')
 3 SYSTEMPATH\Database\BaseConnection.php(593): CodeIgniter\Database\BaseConnection->simpleQuery('$sql')
 4 APPPATH\Models\Peminjaman_buku.php(19): CodeIgniter\Database\BaseConnection->query('$sql')
 5 APPPATH\Controllers\Perpus.php(21): App\Models\Peminjaman_buku->datapeminjaman()
 6 SYSTEMPATH\CodeIgniter.php(925): App\Controllers\Perpus->index()
 7 SYSTEMPATH\CodeIgniter.php(480): CodeIgniter\CodeIgniter->runController(Object(App\Controllers\Perpus))
 8 SYSTEMPATH\CodeIgniter.php(349): CodeIgniter\CodeIgniter->handleRequest(null, Object(Config\Cache), false)
 9 FCPATH\index.php(67): CodeIgniter\CodeIgniter->run()
10 SYSTEMPATH\Commands\Server\rewrite.php(47): require_once('FCPATH\\index.php')
ERROR - 2023-01-12 13:51:49 --> mysqli_sql_exception: You have an error in your SQL syntax; check the manual that corresponds to your MariaDB server version for the right syntax to use near '$sql' at line 1 in C:\xampp\htdocs\fadhlan ci4\system\Database\MySQLi\Connection.php:292
Stack trace:
#0 C:\xampp\htdocs\fadhlan ci4\system\Database\MySQLi\Connection.php(292): mysqli->query('$sql', 0)
#1 C:\xampp\htdocs\fadhlan ci4\system\Database\BaseConnection.php(666): CodeIgniter\Database\MySQLi\Connection->execute('$sql')
#2 C:\xampp\htdocs\fadhlan ci4\system\Database\BaseConnection.php(593): CodeIgniter\Database\BaseConnection->simpleQuery('$sql')
#3 C:\xampp\htdocs\fadhlan ci4\app\Models\Peminjaman_buku.php(19): CodeIgniter\Database\BaseConnection->query('$sql')
#4 C:\xampp\htdocs\fadhlan ci4\app\Controllers\Perpus.php(21): App\Models\Peminjaman_buku->datapeminjaman()
#5 C:\xampp\htdocs\fadhlan ci4\system\CodeIgniter.php(925): App\Controllers\Perpus->index()
#6 C:\xampp\htdocs\fadhlan ci4\system\CodeIgniter.php(480): CodeIgniter\CodeIgniter->runController(Object(App\Controllers\Perpus))
#7 C:\xampp\htdocs\fadhlan ci4\system\CodeIgniter.php(349): CodeIgniter\CodeIgniter->handleRequest(NULL, Object(Config\Cache), false)
#8 C:\xampp\htdocs\fadhlan ci4\public\index.php(67): CodeIgniter\CodeIgniter->run()
#9 C:\xampp\htdocs\fadhlan ci4\system\Commands\Server\rewrite.php(47): require_once('C:\\xampp\\htdocs...')
#10 {main}
CRITICAL - 2023-01-12 13:51:49 --> You have an error in your SQL syntax; check the manual that corresponds to your MariaDB server version for the right syntax to use near '$sql' at line 1
in SYSTEMPATH\Database\MySQLi\Connection.php on line 292.
 1 SYSTEMPATH\Database\MySQLi\Connection.php(292): mysqli->query('$sql', 0)
 2 SYSTEMPATH\Database\BaseConnection.php(666): CodeIgniter\Database\MySQLi\Connection->execute('$sql')
 3 SYSTEMPATH\Database\BaseConnection.php(593): CodeIgniter\Database\BaseConnection->simpleQuery('$sql')
 4 APPPATH\Models\Peminjaman_buku.php(19): CodeIgniter\Database\BaseConnection->query('$sql')
 5 APPPATH\Controllers\Perpus.php(21): App\Models\Peminjaman_buku->datapeminjaman()
 6 SYSTEMPATH\CodeIgniter.php(925): App\Controllers\Perpus->index()
 7 SYSTEMPATH\CodeIgniter.php(480): CodeIgniter\CodeIgniter->runController(Object(App\Controllers\Perpus))
 8 SYSTEMPATH\CodeIgniter.php(349): CodeIgniter\CodeIgniter->handleRequest(null, Object(Config\Cache), false)
 9 FCPATH\index.php(67): CodeIgniter\CodeIgniter->run()
10 SYSTEMPATH\Commands\Server\rewrite.php(47): require_once('FCPATH\\index.php')
ERROR - 2023-01-12 13:54:24 --> mysqli_sql_exception: You have an error in your SQL syntax; check the manual that corresponds to your MariaDB server version for the right syntax to use near '$sql' at line 1 in C:\xampp\htdocs\fadhlan ci4\system\Database\MySQLi\Connection.php:292
Stack trace:
#0 C:\xampp\htdocs\fadhlan ci4\system\Database\MySQLi\Connection.php(292): mysqli->query('$sql', 0)
#1 C:\xampp\htdocs\fadhlan ci4\system\Database\BaseConnection.php(666): CodeIgniter\Database\MySQLi\Connection->execute('$sql')
#2 C:\xampp\htdocs\fadhlan ci4\system\Database\BaseConnection.php(593): CodeIgniter\Database\BaseConnection->simpleQuery('$sql')
#3 C:\xampp\htdocs\fadhlan ci4\app\Models\Peminjaman_buku.php(19): CodeIgniter\Database\BaseConnection->query('$sql')
#4 C:\xampp\htdocs\fadhlan ci4\app\Controllers\Perpus.php(21): App\Models\Peminjaman_buku->datapeminjaman()
#5 C:\xampp\htdocs\fadhlan ci4\system\CodeIgniter.php(925): App\Controllers\Perpus->index()
#6 C:\xampp\htdocs\fadhlan ci4\system\CodeIgniter.php(480): CodeIgniter\CodeIgniter->runController(Object(App\Controllers\Perpus))
#7 C:\xampp\htdocs\fadhlan ci4\system\CodeIgniter.php(349): CodeIgniter\CodeIgniter->handleRequest(NULL, Object(Config\Cache), false)
#8 C:\xampp\htdocs\fadhlan ci4\public\index.php(67): CodeIgniter\CodeIgniter->run()
#9 C:\xampp\htdocs\fadhlan ci4\system\Commands\Server\rewrite.php(47): require_once('C:\\xampp\\htdocs...')
#10 {main}
CRITICAL - 2023-01-12 13:54:24 --> You have an error in your SQL syntax; check the manual that corresponds to your MariaDB server version for the right syntax to use near '$sql' at line 1
in SYSTEMPATH\Database\MySQLi\Connection.php on line 292.
 1 SYSTEMPATH\Database\MySQLi\Connection.php(292): mysqli->query('$sql', 0)
 2 SYSTEMPATH\Database\BaseConnection.php(666): CodeIgniter\Database\MySQLi\Connection->execute('$sql')
 3 SYSTEMPATH\Database\BaseConnection.php(593): CodeIgniter\Database\BaseConnection->simpleQuery('$sql')
 4 APPPATH\Models\Peminjaman_buku.php(19): CodeIgniter\Database\BaseConnection->query('$sql')
 5 APPPATH\Controllers\Perpus.php(21): App\Models\Peminjaman_buku->datapeminjaman()
 6 SYSTEMPATH\CodeIgniter.php(925): App\Controllers\Perpus->index()
 7 SYSTEMPATH\CodeIgniter.php(480): CodeIgniter\CodeIgniter->runController(Object(App\Controllers\Perpus))
 8 SYSTEMPATH\CodeIgniter.php(349): CodeIgniter\CodeIgniter->handleRequest(null, Object(Config\Cache), false)
 9 FCPATH\index.php(67): CodeIgniter\CodeIgniter->run()
10 SYSTEMPATH\Commands\Server\rewrite.php(47): require_once('FCPATH\\index.php')
ERROR - 2023-01-12 13:56:42 --> mysqli_sql_exception: You have an error in your SQL syntax; check the manual that corresponds to your MariaDB server version for the right syntax to use near '$sql' at line 1 in C:\xampp\htdocs\fadhlan ci4\system\Database\MySQLi\Connection.php:292
Stack trace:
#0 C:\xampp\htdocs\fadhlan ci4\system\Database\MySQLi\Connection.php(292): mysqli->query('$sql', 0)
#1 C:\xampp\htdocs\fadhlan ci4\system\Database\BaseConnection.php(666): CodeIgniter\Database\MySQLi\Connection->execute('$sql')
#2 C:\xampp\htdocs\fadhlan ci4\system\Database\BaseConnection.php(593): CodeIgniter\Database\BaseConnection->simpleQuery('$sql')
#3 C:\xampp\htdocs\fadhlan ci4\app\Models\Peminjaman_buku.php(19): CodeIgniter\Database\BaseConnection->query('$sql')
#4 C:\xampp\htdocs\fadhlan ci4\app\Controllers\Perpus.php(21): App\Models\Peminjaman_buku->datapeminjaman()
#5 C:\xampp\htdocs\fadhlan ci4\system\CodeIgniter.php(925): App\Controllers\Perpus->index()
#6 C:\xampp\htdocs\fadhlan ci4\system\CodeIgniter.php(480): CodeIgniter\CodeIgniter->runController(Object(App\Controllers\Perpus))
#7 C:\xampp\htdocs\fadhlan ci4\system\CodeIgniter.php(349): CodeIgniter\CodeIgniter->handleRequest(NULL, Object(Config\Cache), false)
#8 C:\xampp\htdocs\fadhlan ci4\public\index.php(67): CodeIgniter\CodeIgniter->run()
#9 C:\xampp\htdocs\fadhlan ci4\system\Commands\Server\rewrite.php(47): require_once('C:\\xampp\\htdocs...')
#10 {main}
CRITICAL - 2023-01-12 13:56:42 --> You have an error in your SQL syntax; check the manual that corresponds to your MariaDB server version for the right syntax to use near '$sql' at line 1
in SYSTEMPATH\Database\MySQLi\Connection.php on line 292.
 1 SYSTEMPATH\Database\MySQLi\Connection.php(292): mysqli->query('$sql', 0)
 2 SYSTEMPATH\Database\BaseConnection.php(666): CodeIgniter\Database\MySQLi\Connection->execute('$sql')
 3 SYSTEMPATH\Database\BaseConnection.php(593): CodeIgniter\Database\BaseConnection->simpleQuery('$sql')
 4 APPPATH\Models\Peminjaman_buku.php(19): CodeIgniter\Database\BaseConnection->query('$sql')
 5 APPPATH\Controllers\Perpus.php(21): App\Models\Peminjaman_buku->datapeminjaman()
 6 SYSTEMPATH\CodeIgniter.php(925): App\Controllers\Perpus->index()
 7 SYSTEMPATH\CodeIgniter.php(480): CodeIgniter\CodeIgniter->runController(Object(App\Controllers\Perpus))
 8 SYSTEMPATH\CodeIgniter.php(349): CodeIgniter\CodeIgniter->handleRequest(null, Object(Config\Cache), false)
 9 FCPATH\index.php(67): CodeIgniter\CodeIgniter->run()
10 SYSTEMPATH\Commands\Server\rewrite.php(47): require_once('FCPATH\\index.php')
ERROR - 2023-01-12 13:59:00 --> mysqli_sql_exception: You have an error in your SQL syntax; check the manual that corresponds to your MariaDB server version for the right syntax to use near '$sql' at line 1 in C:\xampp\htdocs\fadhlan ci4\system\Database\MySQLi\Connection.php:292
Stack trace:
#0 C:\xampp\htdocs\fadhlan ci4\system\Database\MySQLi\Connection.php(292): mysqli->query('$sql', 0)
#1 C:\xampp\htdocs\fadhlan ci4\system\Database\BaseConnection.php(666): CodeIgniter\Database\MySQLi\Connection->execute('$sql')
#2 C:\xampp\htdocs\fadhlan ci4\system\Database\BaseConnection.php(593): CodeIgniter\Database\BaseConnection->simpleQuery('$sql')
#3 C:\xampp\htdocs\fadhlan ci4\app\Models\Peminjaman_buku.php(19): CodeIgniter\Database\BaseConnection->query('$sql')
#4 C:\xampp\htdocs\fadhlan ci4\app\Controllers\Perpus.php(21): App\Models\Peminjaman_buku->datapeminjaman()
#5 C:\xampp\htdocs\fadhlan ci4\system\CodeIgniter.php(925): App\Controllers\Perpus->index()
#6 C:\xampp\htdocs\fadhlan ci4\system\CodeIgniter.php(480): CodeIgniter\CodeIgniter->runController(Object(App\Controllers\Perpus))
#7 C:\xampp\htdocs\fadhlan ci4\system\CodeIgniter.php(349): CodeIgniter\CodeIgniter->handleRequest(NULL, Object(Config\Cache), false)
#8 C:\xampp\htdocs\fadhlan ci4\public\index.php(67): CodeIgniter\CodeIgniter->run()
#9 C:\xampp\htdocs\fadhlan ci4\system\Commands\Server\rewrite.php(47): require_once('C:\\xampp\\htdocs...')
#10 {main}
CRITICAL - 2023-01-12 13:59:00 --> You have an error in your SQL syntax; check the manual that corresponds to your MariaDB server version for the right syntax to use near '$sql' at line 1
in SYSTEMPATH\Database\MySQLi\Connection.php on line 292.
 1 SYSTEMPATH\Database\MySQLi\Connection.php(292): mysqli->query('$sql', 0)
 2 SYSTEMPATH\Database\BaseConnection.php(666): CodeIgniter\Database\MySQLi\Connection->execute('$sql')
 3 SYSTEMPATH\Database\BaseConnection.php(593): CodeIgniter\Database\BaseConnection->simpleQuery('$sql')
 4 APPPATH\Models\Peminjaman_buku.php(19): CodeIgniter\Database\BaseConnection->query('$sql')
 5 APPPATH\Controllers\Perpus.php(21): App\Models\Peminjaman_buku->datapeminjaman()
 6 SYSTEMPATH\CodeIgniter.php(925): App\Controllers\Perpus->index()
 7 SYSTEMPATH\CodeIgniter.php(480): CodeIgniter\CodeIgniter->runController(Object(App\Controllers\Perpus))
 8 SYSTEMPATH\CodeIgniter.php(349): CodeIgniter\CodeIgniter->handleRequest(null, Object(Config\Cache), false)
 9 FCPATH\index.php(67): CodeIgniter\CodeIgniter->run()
10 SYSTEMPATH\Commands\Server\rewrite.php(47): require_once('FCPATH\\index.php')
ERROR - 2023-01-12 13:59:03 --> mysqli_sql_exception: You have an error in your SQL syntax; check the manual that corresponds to your MariaDB server version for the right syntax to use near '$sql' at line 1 in C:\xampp\htdocs\fadhlan ci4\system\Database\MySQLi\Connection.php:292
Stack trace:
#0 C:\xampp\htdocs\fadhlan ci4\system\Database\MySQLi\Connection.php(292): mysqli->query('$sql', 0)
#1 C:\xampp\htdocs\fadhlan ci4\system\Database\BaseConnection.php(666): CodeIgniter\Database\MySQLi\Connection->execute('$sql')
#2 C:\xampp\htdocs\fadhlan ci4\system\Database\BaseConnection.php(593): CodeIgniter\Database\BaseConnection->simpleQuery('$sql')
#3 C:\xampp\htdocs\fadhlan ci4\app\Models\Peminjaman_buku.php(19): CodeIgniter\Database\BaseConnection->query('$sql')
#4 C:\xampp\htdocs\fadhlan ci4\app\Controllers\Perpus.php(21): App\Models\Peminjaman_buku->datapeminjaman()
#5 C:\xampp\htdocs\fadhlan ci4\system\CodeIgniter.php(925): App\Controllers\Perpus->index()
#6 C:\xampp\htdocs\fadhlan ci4\system\CodeIgniter.php(480): CodeIgniter\CodeIgniter->runController(Object(App\Controllers\Perpus))
#7 C:\xampp\htdocs\fadhlan ci4\system\CodeIgniter.php(349): CodeIgniter\CodeIgniter->handleRequest(NULL, Object(Config\Cache), false)
#8 C:\xampp\htdocs\fadhlan ci4\public\index.php(67): CodeIgniter\CodeIgniter->run()
#9 C:\xampp\htdocs\fadhlan ci4\system\Commands\Server\rewrite.php(47): require_once('C:\\xampp\\htdocs...')
#10 {main}
CRITICAL - 2023-01-12 13:59:03 --> You have an error in your SQL syntax; check the manual that corresponds to your MariaDB server version for the right syntax to use near '$sql' at line 1
in SYSTEMPATH\Database\MySQLi\Connection.php on line 292.
 1 SYSTEMPATH\Database\MySQLi\Connection.php(292): mysqli->query('$sql', 0)
 2 SYSTEMPATH\Database\BaseConnection.php(666): CodeIgniter\Database\MySQLi\Connection->execute('$sql')
 3 SYSTEMPATH\Database\BaseConnection.php(593): CodeIgniter\Database\BaseConnection->simpleQuery('$sql')
 4 APPPATH\Models\Peminjaman_buku.php(19): CodeIgniter\Database\BaseConnection->query('$sql')
 5 APPPATH\Controllers\Perpus.php(21): App\Models\Peminjaman_buku->datapeminjaman()
 6 SYSTEMPATH\CodeIgniter.php(925): App\Controllers\Perpus->index()
 7 SYSTEMPATH\CodeIgniter.php(480): CodeIgniter\CodeIgniter->runController(Object(App\Controllers\Perpus))
 8 SYSTEMPATH\CodeIgniter.php(349): CodeIgniter\CodeIgniter->handleRequest(null, Object(Config\Cache), false)
 9 FCPATH\index.php(67): CodeIgniter\CodeIgniter->run()
10 SYSTEMPATH\Commands\Server\rewrite.php(47): require_once('FCPATH\\index.php')
ERROR - 2023-01-12 14:01:02 --> mysqli_sql_exception: You have an error in your SQL syntax; check the manual that corresponds to your MariaDB server version for the right syntax to use near '$sql' at line 1 in C:\xampp\htdocs\fadhlan ci4\system\Database\MySQLi\Connection.php:292
Stack trace:
#0 C:\xampp\htdocs\fadhlan ci4\system\Database\MySQLi\Connection.php(292): mysqli->query('$sql', 0)
#1 C:\xampp\htdocs\fadhlan ci4\system\Database\BaseConnection.php(666): CodeIgniter\Database\MySQLi\Connection->execute('$sql')
#2 C:\xampp\htdocs\fadhlan ci4\system\Database\BaseConnection.php(593): CodeIgniter\Database\BaseConnection->simpleQuery('$sql')
#3 C:\xampp\htdocs\fadhlan ci4\app\Models\Peminjaman_buku.php(19): CodeIgniter\Database\BaseConnection->query('$sql')
#4 C:\xampp\htdocs\fadhlan ci4\app\Controllers\Perpus.php(21): App\Models\Peminjaman_buku->datapeminjaman()
#5 C:\xampp\htdocs\fadhlan ci4\system\CodeIgniter.php(925): App\Controllers\Perpus->index()
#6 C:\xampp\htdocs\fadhlan ci4\system\CodeIgniter.php(480): CodeIgniter\CodeIgniter->runController(Object(App\Controllers\Perpus))
#7 C:\xampp\htdocs\fadhlan ci4\system\CodeIgniter.php(349): CodeIgniter\CodeIgniter->handleRequest(NULL, Object(Config\Cache), false)
#8 C:\xampp\htdocs\fadhlan ci4\public\index.php(67): CodeIgniter\CodeIgniter->run()
#9 C:\xampp\htdocs\fadhlan ci4\system\Commands\Server\rewrite.php(47): require_once('C:\\xampp\\htdocs...')
#10 {main}
CRITICAL - 2023-01-12 14:01:02 --> You have an error in your SQL syntax; check the manual that corresponds to your MariaDB server version for the right syntax to use near '$sql' at line 1
in SYSTEMPATH\Database\MySQLi\Connection.php on line 292.
 1 SYSTEMPATH\Database\MySQLi\Connection.php(292): mysqli->query('$sql', 0)
 2 SYSTEMPATH\Database\BaseConnection.php(666): CodeIgniter\Database\MySQLi\Connection->execute('$sql')
 3 SYSTEMPATH\Database\BaseConnection.php(593): CodeIgniter\Database\BaseConnection->simpleQuery('$sql')
 4 APPPATH\Models\Peminjaman_buku.php(19): CodeIgniter\Database\BaseConnection->query('$sql')
 5 APPPATH\Controllers\Perpus.php(21): App\Models\Peminjaman_buku->datapeminjaman()
 6 SYSTEMPATH\CodeIgniter.php(925): App\Controllers\Perpus->index()
 7 SYSTEMPATH\CodeIgniter.php(480): CodeIgniter\CodeIgniter->runController(Object(App\Controllers\Perpus))
 8 SYSTEMPATH\CodeIgniter.php(349): CodeIgniter\CodeIgniter->handleRequest(null, Object(Config\Cache), false)
 9 FCPATH\index.php(67): CodeIgniter\CodeIgniter->run()
10 SYSTEMPATH\Commands\Server\rewrite.php(47): require_once('FCPATH\\index.php')
ERROR - 2023-01-12 14:06:30 --> mysqli_sql_exception: You have an error in your SQL syntax; check the manual that corresponds to your MariaDB server version for the right syntax to use near '$sql' at line 1 in C:\xampp\htdocs\fadhlan ci4\system\Database\MySQLi\Connection.php:292
Stack trace:
#0 C:\xampp\htdocs\fadhlan ci4\system\Database\MySQLi\Connection.php(292): mysqli->query('$sql', 0)
#1 C:\xampp\htdocs\fadhlan ci4\system\Database\BaseConnection.php(666): CodeIgniter\Database\MySQLi\Connection->execute('$sql')
#2 C:\xampp\htdocs\fadhlan ci4\system\Database\BaseConnection.php(593): CodeIgniter\Database\BaseConnection->simpleQuery('$sql')
#3 C:\xampp\htdocs\fadhlan ci4\app\Models\Peminjaman_buku.php(19): CodeIgniter\Database\BaseConnection->query('$sql')
#4 C:\xampp\htdocs\fadhlan ci4\app\Controllers\Perpus.php(21): App\Models\Peminjaman_buku->datapeminjaman()
#5 C:\xampp\htdocs\fadhlan ci4\system\CodeIgniter.php(925): App\Controllers\Perpus->index()
#6 C:\xampp\htdocs\fadhlan ci4\system\CodeIgniter.php(480): CodeIgniter\CodeIgniter->runController(Object(App\Controllers\Perpus))
#7 C:\xampp\htdocs\fadhlan ci4\system\CodeIgniter.php(349): CodeIgniter\CodeIgniter->handleRequest(NULL, Object(Config\Cache), false)
#8 C:\xampp\htdocs\fadhlan ci4\public\index.php(67): CodeIgniter\CodeIgniter->run()
#9 C:\xampp\htdocs\fadhlan ci4\system\Commands\Server\rewrite.php(47): require_once('C:\\xampp\\htdocs...')
#10 {main}
CRITICAL - 2023-01-12 14:06:30 --> You have an error in your SQL syntax; check the manual that corresponds to your MariaDB server version for the right syntax to use near '$sql' at line 1
in SYSTEMPATH\Database\MySQLi\Connection.php on line 292.
 1 SYSTEMPATH\Database\MySQLi\Connection.php(292): mysqli->query('$sql', 0)
 2 SYSTEMPATH\Database\BaseConnection.php(666): CodeIgniter\Database\MySQLi\Connection->execute('$sql')
 3 SYSTEMPATH\Database\BaseConnection.php(593): CodeIgniter\Database\BaseConnection->simpleQuery('$sql')
 4 APPPATH\Models\Peminjaman_buku.php(19): CodeIgniter\Database\BaseConnection->query('$sql')
 5 APPPATH\Controllers\Perpus.php(21): App\Models\Peminjaman_buku->datapeminjaman()
 6 SYSTEMPATH\CodeIgniter.php(925): App\Controllers\Perpus->index()
 7 SYSTEMPATH\CodeIgniter.php(480): CodeIgniter\CodeIgniter->runController(Object(App\Controllers\Perpus))
 8 SYSTEMPATH\CodeIgniter.php(349): CodeIgniter\CodeIgniter->handleRequest(null, Object(Config\Cache), false)
 9 FCPATH\index.php(67): CodeIgniter\CodeIgniter->run()
10 SYSTEMPATH\Commands\Server\rewrite.php(47): require_once('FCPATH\\index.php')
CRITICAL - 2023-01-12 14:56:48 --> Class "App\Models\tabel_perpusModel" not found
in APPPATH\Controllers\Perpus.php on line 13.
 1 SYSTEMPATH\CodeIgniter.php(925): App\Controllers\Perpus->index()
 2 SYSTEMPATH\CodeIgniter.php(480): CodeIgniter\CodeIgniter->runController(Object(App\Controllers\Perpus))
 3 SYSTEMPATH\CodeIgniter.php(349): CodeIgniter\CodeIgniter->handleRequest(null, Object(Config\Cache), false)
 4 FCPATH\index.php(67): CodeIgniter\CodeIgniter->run()
 5 SYSTEMPATH\Commands\Server\rewrite.php(47): require_once('FCPATH\\index.php')
CRITICAL - 2023-01-12 15:08:12 --> Class "App\Models\perpusModel" not found
in APPPATH\Controllers\Perpus.php on line 13.
 1 SYSTEMPATH\CodeIgniter.php(925): App\Controllers\Perpus->index()
 2 SYSTEMPATH\CodeIgniter.php(480): CodeIgniter\CodeIgniter->runController(Object(App\Controllers\Perpus))
 3 SYSTEMPATH\CodeIgniter.php(349): CodeIgniter\CodeIgniter->handleRequest(null, Object(Config\Cache), false)
 4 FCPATH\index.php(67): CodeIgniter\CodeIgniter->run()
 5 SYSTEMPATH\Commands\Server\rewrite.php(47): require_once('FCPATH\\index.php')
CRITICAL - 2023-01-12 15:08:19 --> Class "App\Controllers\perpusModel" not found
in APPPATH\Controllers\Perpus.php on line 15.
 1 SYSTEMPATH\CodeIgniter.php(925): App\Controllers\Perpus->index()
 2 SYSTEMPATH\CodeIgniter.php(480): CodeIgniter\CodeIgniter->runController(Object(App\Controllers\Perpus))
 3 SYSTEMPATH\CodeIgniter.php(349): CodeIgniter\CodeIgniter->handleRequest(null, Object(Config\Cache), false)
 4 FCPATH\index.php(67): CodeIgniter\CodeIgniter->run()
 5 SYSTEMPATH\Commands\Server\rewrite.php(47): require_once('FCPATH\\index.php')
CRITICAL - 2023-01-12 15:08:38 --> Class "App\Models\tabel_perpusModel" not found
in APPPATH\Controllers\Perpus.php on line 15.
 1 SYSTEMPATH\CodeIgniter.php(925): App\Controllers\Perpus->index()
 2 SYSTEMPATH\CodeIgniter.php(480): CodeIgniter\CodeIgniter->runController(Object(App\Controllers\Perpus))
 3 SYSTEMPATH\CodeIgniter.php(349): CodeIgniter\CodeIgniter->handleRequest(null, Object(Config\Cache), false)
 4 FCPATH\index.php(67): CodeIgniter\CodeIgniter->run()
 5 SYSTEMPATH\Commands\Server\rewrite.php(47): require_once('FCPATH\\index.php')
CRITICAL - 2023-01-12 15:09:23 --> Class "App\Models\tabel_perpusModel" not found
in APPPATH\Controllers\Perpus.php on line 15.
 1 SYSTEMPATH\CodeIgniter.php(925): App\Controllers\Perpus->index()
 2 SYSTEMPATH\CodeIgniter.php(480): CodeIgniter\CodeIgniter->runController(Object(App\Controllers\Perpus))
 3 SYSTEMPATH\CodeIgniter.php(349): CodeIgniter\CodeIgniter->handleRequest(null, Object(Config\Cache), false)
 4 FCPATH\index.php(67): CodeIgniter\CodeIgniter->run()
 5 SYSTEMPATH\Commands\Server\rewrite.php(47): require_once('FCPATH\\index.php')
CRITICAL - 2023-01-12 15:11:18 --> Class "App\Controllers\PerpusModel" not found
in APPPATH\Controllers\Perpus.php on line 15.
 1 SYSTEMPATH\CodeIgniter.php(925): App\Controllers\Perpus->index()
 2 SYSTEMPATH\CodeIgniter.php(480): CodeIgniter\CodeIgniter->runController(Object(App\Controllers\Perpus))
 3 SYSTEMPATH\CodeIgniter.php(349): CodeIgniter\CodeIgniter->handleRequest(null, Object(Config\Cache), false)
 4 FCPATH\index.php(67): CodeIgniter\CodeIgniter->run()
 5 SYSTEMPATH\Commands\Server\rewrite.php(47): require_once('FCPATH\\index.php')
ERROR - 2023-01-12 15:14:33 --> mysqli_sql_exception: Table 'db_uasiwp_library.tabel_perpus' doesn't exist in C:\xampp\htdocs\fadhlan ci4\system\Database\MySQLi\Connection.php:292
Stack trace:
#0 C:\xampp\htdocs\fadhlan ci4\system\Database\MySQLi\Connection.php(292): mysqli->query('SELECT * FROM t...', 0)
#1 C:\xampp\htdocs\fadhlan ci4\system\Database\BaseConnection.php(666): CodeIgniter\Database\MySQLi\Connection->execute('SELECT * FROM t...')
#2 C:\xampp\htdocs\fadhlan ci4\system\Database\BaseConnection.php(593): CodeIgniter\Database\BaseConnection->simpleQuery('SELECT * FROM t...')
#3 C:\xampp\htdocs\fadhlan ci4\app\Controllers\Perpus.php(14): CodeIgniter\Database\BaseConnection->query('SELECT * FROM t...')
#4 C:\xampp\htdocs\fadhlan ci4\system\CodeIgniter.php(925): App\Controllers\Perpus->index()
#5 C:\xampp\htdocs\fadhlan ci4\system\CodeIgniter.php(480): CodeIgniter\CodeIgniter->runController(Object(App\Controllers\Perpus))
#6 C:\xampp\htdocs\fadhlan ci4\system\CodeIgniter.php(349): CodeIgniter\CodeIgniter->handleRequest(NULL, Object(Config\Cache), false)
#7 C:\xampp\htdocs\fadhlan ci4\public\index.php(67): CodeIgniter\CodeIgniter->run()
#8 C:\xampp\htdocs\fadhlan ci4\system\Commands\Server\rewrite.php(47): require_once('C:\\xampp\\htdocs...')
#9 {main}
CRITICAL - 2023-01-12 15:14:33 --> Table 'db_uasiwp_library.tabel_perpus' doesn't exist
in SYSTEMPATH\Database\MySQLi\Connection.php on line 292.
 1 SYSTEMPATH\Database\MySQLi\Connection.php(292): mysqli->query('SELECT * FROM tabel_perpus', 0)
 2 SYSTEMPATH\Database\BaseConnection.php(666): CodeIgniter\Database\MySQLi\Connection->execute('SELECT * FROM tabel_perpus')
 3 SYSTEMPATH\Database\BaseConnection.php(593): CodeIgniter\Database\BaseConnection->simpleQuery('SELECT * FROM tabel_perpus')
 4 APPPATH\Controllers\Perpus.php(14): CodeIgniter\Database\BaseConnection->query('SELECT * FROM tabel_perpus')
 5 SYSTEMPATH\CodeIgniter.php(925): App\Controllers\Perpus->index()
 6 SYSTEMPATH\CodeIgniter.php(480): CodeIgniter\CodeIgniter->runController(Object(App\Controllers\Perpus))
 7 SYSTEMPATH\CodeIgniter.php(349): CodeIgniter\CodeIgniter->handleRequest(null, Object(Config\Cache), false)
 8 FCPATH\index.php(67): CodeIgniter\CodeIgniter->run()
 9 SYSTEMPATH\Commands\Server\rewrite.php(47): require_once('FCPATH\\index.php')
ERROR - 2023-01-12 15:14:36 --> mysqli_sql_exception: Table 'db_uasiwp_library.tabel_perpus' doesn't exist in C:\xampp\htdocs\fadhlan ci4\system\Database\MySQLi\Connection.php:292
Stack trace:
#0 C:\xampp\htdocs\fadhlan ci4\system\Database\MySQLi\Connection.php(292): mysqli->query('SELECT * FROM t...', 0)
#1 C:\xampp\htdocs\fadhlan ci4\system\Database\BaseConnection.php(666): CodeIgniter\Database\MySQLi\Connection->execute('SELECT * FROM t...')
#2 C:\xampp\htdocs\fadhlan ci4\system\Database\BaseConnection.php(593): CodeIgniter\Database\BaseConnection->simpleQuery('SELECT * FROM t...')
#3 C:\xampp\htdocs\fadhlan ci4\app\Controllers\Perpus.php(14): CodeIgniter\Database\BaseConnection->query('SELECT * FROM t...')
#4 C:\xampp\htdocs\fadhlan ci4\system\CodeIgniter.php(925): App\Controllers\Perpus->index()
#5 C:\xampp\htdocs\fadhlan ci4\system\CodeIgniter.php(480): CodeIgniter\CodeIgniter->runController(Object(App\Controllers\Perpus))
#6 C:\xampp\htdocs\fadhlan ci4\system\CodeIgniter.php(349): CodeIgniter\CodeIgniter->handleRequest(NULL, Object(Config\Cache), false)
#7 C:\xampp\htdocs\fadhlan ci4\public\index.php(67): CodeIgniter\CodeIgniter->run()
#8 C:\xampp\htdocs\fadhlan ci4\system\Commands\Server\rewrite.php(47): require_once('C:\\xampp\\htdocs...')
#9 {main}
CRITICAL - 2023-01-12 15:14:36 --> Table 'db_uasiwp_library.tabel_perpus' doesn't exist
in SYSTEMPATH\Database\MySQLi\Connection.php on line 292.
 1 SYSTEMPATH\Database\MySQLi\Connection.php(292): mysqli->query('SELECT * FROM tabel_perpus', 0)
 2 SYSTEMPATH\Database\BaseConnection.php(666): CodeIgniter\Database\MySQLi\Connection->execute('SELECT * FROM tabel_perpus')
 3 SYSTEMPATH\Database\BaseConnection.php(593): CodeIgniter\Database\BaseConnection->simpleQuery('SELECT * FROM tabel_perpus')
 4 APPPATH\Controllers\Perpus.php(14): CodeIgniter\Database\BaseConnection->query('SELECT * FROM tabel_perpus')
 5 SYSTEMPATH\CodeIgniter.php(925): App\Controllers\Perpus->index()
 6 SYSTEMPATH\CodeIgniter.php(480): CodeIgniter\CodeIgniter->runController(Object(App\Controllers\Perpus))
 7 SYSTEMPATH\CodeIgniter.php(349): CodeIgniter\CodeIgniter->handleRequest(null, Object(Config\Cache), false)
 8 FCPATH\index.php(67): CodeIgniter\CodeIgniter->run()
 9 SYSTEMPATH\Commands\Server\rewrite.php(47): require_once('FCPATH\\index.php')
CRITICAL - 2023-01-12 15:20:02 --> Class "App\Models\perpusModel" not found
in APPPATH\Controllers\Perpus.php on line 13.
 1 SYSTEMPATH\CodeIgniter.php(925): App\Controllers\Perpus->index()
 2 SYSTEMPATH\CodeIgniter.php(480): CodeIgniter\CodeIgniter->runController(Object(App\Controllers\Perpus))
 3 SYSTEMPATH\CodeIgniter.php(349): CodeIgniter\CodeIgniter->handleRequest(null, Object(Config\Cache), false)
 4 FCPATH\index.php(67): CodeIgniter\CodeIgniter->run()
 5 SYSTEMPATH\Commands\Server\rewrite.php(47): require_once('FCPATH\\index.php')
CRITICAL - 2023-01-12 15:45:29 --> Class "App\Models\perpusModel" not found
in APPPATH\Controllers\Perpus.php on line 12.
 1 SYSTEMPATH\CodeIgniter.php(887): App\Controllers\Perpus->__construct()
 2 SYSTEMPATH\CodeIgniter.php(471): CodeIgniter\CodeIgniter->createController()
 3 SYSTEMPATH\CodeIgniter.php(349): CodeIgniter\CodeIgniter->handleRequest(null, Object(Config\Cache), false)
 4 FCPATH\index.php(67): CodeIgniter\CodeIgniter->run()
 5 SYSTEMPATH\Commands\Server\rewrite.php(47): require_once('FCPATH\\index.php')
CRITICAL - 2023-01-12 15:45:58 --> Class "App\Models\Model" not found
in APPPATH\Models\perpusModel.php on line 7.
 1 SYSTEMPATH\Autoloader\Autoloader.php(283): include_once()
 2 SYSTEMPATH\Autoloader\Autoloader.php(260): CodeIgniter\Autoloader\Autoloader->includeFile('APPPATH\\Models\\perpusModel.php')
 3 SYSTEMPATH\Autoloader\Autoloader.php(238): CodeIgniter\Autoloader\Autoloader->loadInNamespace('App\\Models\\perpusModel')
 4 APPPATH\Controllers\Perpus.php(12): CodeIgniter\Autoloader\Autoloader->loadClass('App\\Models\\perpusModel')
 5 SYSTEMPATH\CodeIgniter.php(887): App\Controllers\Perpus->__construct()
 6 SYSTEMPATH\CodeIgniter.php(471): CodeIgniter\CodeIgniter->createController()
 7 SYSTEMPATH\CodeIgniter.php(349): CodeIgniter\CodeIgniter->handleRequest(null, Object(Config\Cache), false)
 8 FCPATH\index.php(67): CodeIgniter\CodeIgniter->run()
 9 SYSTEMPATH\Commands\Server\rewrite.php(47): require_once('FCPATH\\index.php')
CRITICAL - 2023-01-12 15:46:18 --> Class "CodeIgniter\Models" not found
in APPPATH\Models\perpusModel.php on line 7.
 1 SYSTEMPATH\Autoloader\Autoloader.php(283): include_once()
 2 SYSTEMPATH\Autoloader\Autoloader.php(260): CodeIgniter\Autoloader\Autoloader->includeFile('APPPATH\\Models\\perpusModel.php')
 3 SYSTEMPATH\Autoloader\Autoloader.php(238): CodeIgniter\Autoloader\Autoloader->loadInNamespace('App\\Models\\perpusModel')
 4 APPPATH\Controllers\Perpus.php(12): CodeIgniter\Autoloader\Autoloader->loadClass('App\\Models\\perpusModel')
 5 SYSTEMPATH\CodeIgniter.php(887): App\Controllers\Perpus->__construct()
 6 SYSTEMPATH\CodeIgniter.php(471): CodeIgniter\CodeIgniter->createController()
 7 SYSTEMPATH\CodeIgniter.php(349): CodeIgniter\CodeIgniter->handleRequest(null, Object(Config\Cache), false)
 8 FCPATH\index.php(67): CodeIgniter\CodeIgniter->run()
 9 SYSTEMPATH\Commands\Server\rewrite.php(47): require_once('FCPATH\\index.php')
CRITICAL - 2023-01-12 15:46:28 --> Class "CodeIgniter\Models" not found
in APPPATH\Models\perpusModel.php on line 7.
 1 SYSTEMPATH\Autoloader\Autoloader.php(283): include_once()
 2 SYSTEMPATH\Autoloader\Autoloader.php(260): CodeIgniter\Autoloader\Autoloader->includeFile('APPPATH\\Models\\perpusModel.php')
 3 SYSTEMPATH\Autoloader\Autoloader.php(238): CodeIgniter\Autoloader\Autoloader->loadInNamespace('App\\Models\\perpusModel')
 4 APPPATH\Controllers\Perpus.php(12): CodeIgniter\Autoloader\Autoloader->loadClass('App\\Models\\perpusModel')
 5 SYSTEMPATH\CodeIgniter.php(887): App\Controllers\Perpus->__construct()
 6 SYSTEMPATH\CodeIgniter.php(471): CodeIgniter\CodeIgniter->createController()
 7 SYSTEMPATH\CodeIgniter.php(349): CodeIgniter\CodeIgniter->handleRequest(null, Object(Config\Cache), false)
 8 FCPATH\index.php(67): CodeIgniter\CodeIgniter->run()
 9 SYSTEMPATH\Commands\Server\rewrite.php(47): require_once('FCPATH\\index.php')
CRITICAL - 2023-01-12 15:47:31 --> Undefined variable $row
in APPPATH\Controllers\Perpus.php on line 22.
 1 APPPATH\Controllers\Perpus.php(22): CodeIgniter\Debug\Exceptions->errorHandler(2, 'Undefined variable $row', 'APPPATH\\Controllers\\Perpus.php', 22)
 2 SYSTEMPATH\CodeIgniter.php(925): App\Controllers\Perpus->index()
 3 SYSTEMPATH\CodeIgniter.php(480): CodeIgniter\CodeIgniter->runController(Object(App\Controllers\Perpus))
 4 SYSTEMPATH\CodeIgniter.php(349): CodeIgniter\CodeIgniter->handleRequest(null, Object(Config\Cache), false)
 5 FCPATH\index.php(67): CodeIgniter\CodeIgniter->run()
 6 SYSTEMPATH\Commands\Server\rewrite.php(47): require_once('FCPATH\\index.php')
CRITICAL - 2023-01-12 15:54:51 --> syntax error, unexpected single-quoted string "perpus", expecting "]"
in APPPATH\Controllers\Perpus.php on line 20.
 1 SYSTEMPATH\Autoloader\Autoloader.php(260): CodeIgniter\Autoloader\Autoloader->includeFile('APPPATH\\Controllers\\Perpus.php')
 2 SYSTEMPATH\Autoloader\Autoloader.php(238): CodeIgniter\Autoloader\Autoloader->loadInNamespace('App\\Controllers\\perpus')
 3 [internal function]: CodeIgniter\Autoloader\Autoloader->loadClass('App\\Controllers\\perpus')
 4 SYSTEMPATH\CodeIgniter.php(875): class_exists('\\App\\Controllers\\perpus', true)
 5 SYSTEMPATH\CodeIgniter.php(467): CodeIgniter\CodeIgniter->startController()
 6 SYSTEMPATH\CodeIgniter.php(349): CodeIgniter\CodeIgniter->handleRequest(null, Object(Config\Cache), false)
 7 FCPATH\index.php(67): CodeIgniter\CodeIgniter->run()
 8 SYSTEMPATH\Commands\Server\rewrite.php(47): require_once('FCPATH\\index.php')
CRITICAL - 2023-01-12 16:06:36 --> Undefined variable $p
in APPPATH\Views\Perpus\index.php on line 37.
 1 APPPATH\Views\Perpus\index.php(37): CodeIgniter\Debug\Exceptions->errorHandler(2, 'Undefined variable $p', 'APPPATH\\Views\\Perpus\\index.php', 37)
 2 SYSTEMPATH\View\View.php(213): include('APPPATH\\Views\\Perpus\\index.php')
 3 SYSTEMPATH\View\View.php(216): CodeIgniter\View\View->CodeIgniter\View\{closure}()
 4 SYSTEMPATH\Common.php(1135): CodeIgniter\View\View->render('perpus/index', [], true)
 5 APPPATH\Controllers\Perpus.php(22): view('perpus/index', [...])
 6 SYSTEMPATH\CodeIgniter.php(925): App\Controllers\Perpus->index()
 7 SYSTEMPATH\CodeIgniter.php(480): CodeIgniter\CodeIgniter->runController(Object(App\Controllers\Perpus))
 8 SYSTEMPATH\CodeIgniter.php(349): CodeIgniter\CodeIgniter->handleRequest(null, Object(Config\Cache), false)
 9 FCPATH\index.php(67): CodeIgniter\CodeIgniter->run()
10 SYSTEMPATH\Commands\Server\rewrite.php(47): require_once('FCPATH\\index.php')
